13044: 15:21:08.977 - ---
13044: 15:21:08.977 - Service: "Photon Socket Server" starting
13044: 15:21:08.977 - Config File: C:\GitHub\KostsaProject\Photon Server v4\deploy\bin_Win64\PhotonServer.config
13044: 15:21:08.980 - Will produce at most: 10 crash dumps
13044: 15:21:08.980 - Action: run as exe
13044: 15:21:08.983 - Server Starting...
13044: 15:21:08.984 -    Tick count: 102399531 (wraps in: 48.5251 days)
13044: 15:21:08.984 - Tick count 64: 102399531
13044: 15:21:08.984 - Photon Version: 4.0.28.2962
13044: 15:21:08.984 - PID: 22508
13044: 15:21:08.985 - Config File: C:\GitHub\KostsaProject\Photon Server v4\deploy\bin_Win64\PhotonServer.config
13044: 15:21:08.985 - Will NOT log unimportant exceptions
13044: 15:21:08.997 - Shutdown timeout enabled: 30000ms
13044: 15:21:08.998 - Starting I/O thread pool with 2 threads
13044: 15:21:08.998 - Using Standard allocator
13044: 15:21:08.998 - Max message size: 512000
13044: 15:21:08.999 - Starting business logic thread pool with the following settings
13044: 15:21:08.999 - InitialThreads: 4 threads
13044: 15:21:08.999 - MinThreads: 4 threads
13044: 15:21:08.999 - Thread pool is fixed size
13044: 15:21:08.999 - Starting ENet thread pool with the following settings
13044: 15:21:08.999 - InitialThreads: 2 threads
13044: 15:21:08.999 - MinThreads: 2 threads
13044: 15:21:08.999 - Thread pool is fixed size
13044: 15:21:08.999 - OnlyDispatchTimers: False
13044: 15:21:09.000 - S2S: flow control: Max pending writes: 50
13044: 15:21:09.000 - S2S: flow control: Max queued buffers: 200
13044: 15:21:09.000 - S2S: flow control: Max pending writes MUX: 500
13044: 15:21:09.000 - S2S: flow control: Max queued buffers MUX: 2000
13044: 15:21:09.000 - S2S: MaxInboundMessageSize: 512000
13044: 15:21:09.000 - S2S: MaxOutboundMessageSize: 512000
13044: 15:21:09.000 - S2S: No inactivity timeout
13044: 15:21:09.006 - WebSocket S2S: MaxInboundMessageSize: 512000
13044: 15:21:09.006 - WebSocket S2S: MaxOutboundMessageSize: 512000
13044: 15:21:09.006 - WebSocket S2S: No inactivity timeout
13044: 15:21:09.007 - Max Reliable Data In Transit (awaiting ACKs) per peer : 16384 bytes
13044: 15:21:09.007 - Per peer bandwidth limit
13044: 15:21:09.007 - Transmit Rate Limit: 256 KB/Sec
13044: 15:21:09.007 - Limit period: 200ms
13044: 15:21:09.007 - Limit per period: 52428 bytes
13044: 15:21:09.007 - Max queued data for transmission per peer: 163840 bytes
13044: 15:21:09.007 - Minimum retransmit timeout: 200
13044: 15:21:09.007 - No Maximum retransmit timeout
13044: 15:21:09.007 - Minimum ENet timeout: 5000ms
13044: 15:21:09.007 - Maximum ENet timeout: 30000ms
13044: 15:21:09.007 - Max Inbound Reliable Data Queued (awaiting resends of earlier sequence numbers) per peer : 163840 bytes
13044: 15:21:09.007 - No RTT ACK adjustment timeout
13044: 15:21:09.007 - Outbound ENet: MaxInboundMessageSize: 512000
13044: 15:21:09.007 - Outbound ENet: MaxOutboundMessageSize: 512000
13044: 15:21:09.014 - GetRuntime - About to load CLR - versions available:
13044: 15:21:09.014 - v2.0.50727
13044: 15:21:09.014 - v4.0.30319
13044: 15:21:09.014 - Configuration requests: "v2.0.50727"
13044: 15:21:09.014 - About to load version: "v2.0.50727"
13044: 15:21:09.054 - About to load runtime: PhotonHostRuntime.PhotonDomainManager from PhotonHostRuntime, Culture=neutral, PublicKeyToken=02C301B61B060C4D
13044: 15:21:09.054 - CLRBaseDirectory set to "C:\GitHub\KostsaProject\Photon Server v4\deploy"
13044: 15:21:09.054 - Optimising event broadcast for 20 or more peers
13044: 15:21:09.057 - Start: About to load CLR - versions available:
13044: 15:21:09.057 - v2.0.50727
13044: 15:21:09.057 - v4.0.30319
13044: 15:21:09.057 - No preference in configuration file, will load latest.
13044: 15:21:09.057 - About to load version: "v4.0.30319"
13044: 15:21:09.060 - Loaded version: "v4.0.30319"
13044: 15:21:09.201 - Photon host runtime loaded
13044: 15:21:10.803 - License is valid.
13044: 15:21:10.803 - Licensed for 100 concurrent connections.
13044: 15:21:10.803 - ENet: Max Reliable Data In Transit (awaiting ACKs) per peer : 16384 bytes
13044: 15:21:10.803 - ENet: Per peer bandwidth limit
13044: 15:21:10.803 - ENet: Transmit Rate Limit: 256 KB/Sec
13044: 15:21:10.803 - ENet: Limit period: 200ms
13044: 15:21:10.803 - ENet: Limit per period: 52428 bytes
13044: 15:21:10.803 - ENet: Max queued data for transmission per peer: 163840 bytes
13044: 15:21:10.803 - ENet: Minimum retransmit timeout: 200
13044: 15:21:10.803 - No Maximum retransmit timeout
13044: 15:21:10.803 - ENet: Minimum timeout: 5000ms
13044: 15:21:10.803 - ENet: Maximum timeout: 30000ms
13044: 15:21:10.803 - ENet: Max Inbound Reliable Data Queued (awaiting resends of earlier sequence numbers) per peer : 163840 bytes
13044: 15:21:10.803 - No RTT ACK adjustment timeout
13044: 15:21:10.804 - About to load application: ChatServer from ChatServer
13044: 15:21:10.872 - Taking reference on default app domain
13044: 15:21:10.929 - Application: "ChatServer" started in app domain: 2
13044: 15:21:10.929 - Adding TCP listener on: 0.0.0.0: 2749 with a listen backlog of: 150
13044: 15:21:10.929 - TCP inactivity timeout: 5000ms
13044: 15:21:10.929 - TCP disconnect timeout: 120000ms
13044: 15:21:10.929 - MaxInboundMessageSize: 512000
13044: 15:21:10.929 - MaxOutboundMessageSize: 512000
13044: 15:21:10.929 - Forcing all applications ids to: "ChatServer"
13044: 15:21:10.931 - Service is running...
13044: 18:52:13.731 - Service is stopped...
13044: 18:52:13.731 - Server shutting down...
13044: 18:52:13.731 - Shutdown monitoring enabled, 30000ms before process abort
13044: 18:52:13.731 - Notifying CLR applications of shutdown...
13044: 18:52:13.731 - RequestApplicationStop: 2
13044: 18:52:13.741 - RequestStop: defalt app domain
13044: 18:52:13.749 - Shutting down WebSocket Outbound Connection Manager...
13044: 18:52:13.749 - Shutting down TCP Outbound Connection Manager...
13044: 18:52:13.749 - Shutting down ENet Outbound Connection Manager...
13044: 18:52:13.749 - Disconnecting all outbound peers...
13044: 18:52:13.749 - Shutting down ENet host...
13044: 18:52:13.749 - Disconnecting all peers...
13044: 18:52:13.749 - Shutting down socket servers...
13044: 18:52:13.749 - Shutting down ENet thread pool...
13044: 18:52:13.749 - Shutting down TCP inactivity timers...
13044: 18:52:13.750 - WaitingForShutdownToComplete: TCP:0.0.0.0:2749
13044: 18:52:13.750 - OnShutdownCompleted: TCP:0.0.0.0:2749
13044: 18:52:13.750 - Shutting down CLR applications...
13044: 18:52:13.751 - Shutting down business logic thread pool...
20812: 18:52:13.751 - CManagedHost::OnDefaultAction() - OPR_AppDomainUnload - eUnloadAppDomain
13044: 18:52:13.752 - Shutting down I/O thread pool...
13044: 18:52:13.752 - Destroying servers
13044: 18:52:13.752 - Destroying WebSocket Outbound Connection Manager
13044: 18:52:13.752 - Destroying TCP Outbound Connection Manager
13044: 18:52:13.752 - Destroying TCP inactivity timer
13044: 18:52:13.752 - Destroying ENet timer wheel
13044: 18:52:13.752 - Destroying ENet host
13044: 18:52:13.752 - Destroying ENet outbound host
13044: 18:52:13.752 - Destroying HTTP inactivity timer
13044: 18:52:13.752 - Destroying HTTP host
13044: 18:52:13.752 - Destroying HTTP Chunk host
13044: 18:52:13.752 - Flushing ENET buffer allocator...
13044: 18:52:13.752 - Flushing TCP buffer handle allocator...
13044: 18:52:13.752 - Flushing stream socket allocator...
13044: 18:52:13.752 - Flushing inbound datagram socket allocator...
13044: 18:52:13.752 - Flushing outbound datagram socket allocator...
13044: 18:52:13.752 - Destroying CLR dispatcher
13044: 18:52:13.752 - Destroying CLR applications
13044: 18:52:13.753 - ~CCLRApplicationCollection() - Waiting up to 10 seconds for the CLR to release all of our objects
22492: 18:52:13.758 - Unloading Domain: ApplicationName = 'ChatServer', DomainId='2'
20812: 18:52:13.759 - CManagedHost::OnDomainUnload() - 2
13044: 18:52:13.763 - ~CCLRApplicationCollection() - Done. All objects released
13044: 18:52:13.763 - ~CManagedHost() - Release default app domain
13044: 18:52:13.763 - CManagedHost::OnDomainUnload() - 1
13044: 18:52:13.763 - ~CManagedHost() - Waiting up to 10 seconds for CLR shutdown...
13044: 18:52:13.764 - ~CManagedHost
13044: 18:52:13.764 - Destroying ENet thread pool
13044: 18:52:13.764 - Destroying Business logic thread pool
13044: 18:52:13.764 - Destroying I/O thread pool
13044: 18:52:13.764 - Destroying ENet buffer allocator
13044: 18:52:13.764 - Destroying TCP buffer allocator
13044: 18:52:13.764 - Destroying TCP socket allocator
13044: 18:52:13.764 - Destroying ENet inbound socket allocator
13044: 18:52:13.764 - Destroying ENet outbound socket allocator
13044: 18:52:13.764 - Destroying shared datagram flow control data
13044: 18:52:13.764 - Shutdown complete...
13044: 18:52:13.764 - Service shutting down
13044: 18:52:13.766 - Service shut down complete
23484: 18:52:56.009 - ---
23484: 18:52:56.009 - Service: "Photon Socket Server" starting
23484: 18:52:56.009 - Config File: C:\GitHub\KostsaProject\Photon Server v4\deploy\bin_Win64\PhotonServer.config
23484: 18:52:56.011 - Will produce at most: 10 crash dumps
23484: 18:52:56.011 - Action: run as exe
23484: 18:52:56.011 - Server Starting...
23484: 18:52:56.011 -    Tick count: 115107953 (wraps in: 48.378 days)
23484: 18:52:56.011 - Tick count 64: 115107953
23484: 18:52:56.011 - Photon Version: 4.0.28.2962
23484: 18:52:56.011 - PID: 5328
23484: 18:52:56.011 - Config File: C:\GitHub\KostsaProject\Photon Server v4\deploy\bin_Win64\PhotonServer.config
23484: 18:52:56.012 - Will NOT log unimportant exceptions
23484: 18:52:56.017 - Shutdown timeout enabled: 30000ms
23484: 18:52:56.018 - Starting I/O thread pool with 2 threads
23484: 18:52:56.018 - Using Standard allocator
23484: 18:52:56.018 - Max message size: 512000
23484: 18:52:56.018 - Starting business logic thread pool with the following settings
23484: 18:52:56.018 - InitialThreads: 4 threads
23484: 18:52:56.018 - MinThreads: 4 threads
23484: 18:52:56.018 - Thread pool is fixed size
23484: 18:52:56.018 - Starting ENet thread pool with the following settings
23484: 18:52:56.018 - InitialThreads: 2 threads
23484: 18:52:56.018 - MinThreads: 2 threads
23484: 18:52:56.018 - Thread pool is fixed size
23484: 18:52:56.018 - OnlyDispatchTimers: False
23484: 18:52:56.018 - S2S: flow control: Max pending writes: 50
23484: 18:52:56.018 - S2S: flow control: Max queued buffers: 200
23484: 18:52:56.018 - S2S: flow control: Max pending writes MUX: 500
23484: 18:52:56.018 - S2S: flow control: Max queued buffers MUX: 2000
23484: 18:52:56.018 - S2S: MaxInboundMessageSize: 512000
23484: 18:52:56.018 - S2S: MaxOutboundMessageSize: 512000
23484: 18:52:56.018 - S2S: No inactivity timeout
23484: 18:52:56.022 - WebSocket S2S: MaxInboundMessageSize: 512000
23484: 18:52:56.022 - WebSocket S2S: MaxOutboundMessageSize: 512000
23484: 18:52:56.022 - WebSocket S2S: No inactivity timeout
23484: 18:52:56.022 - Max Reliable Data In Transit (awaiting ACKs) per peer : 16384 bytes
23484: 18:52:56.022 - Per peer bandwidth limit
23484: 18:52:56.022 - Transmit Rate Limit: 256 KB/Sec
23484: 18:52:56.022 - Limit period: 200ms
23484: 18:52:56.022 - Limit per period: 52428 bytes
23484: 18:52:56.022 - Max queued data for transmission per peer: 163840 bytes
23484: 18:52:56.022 - Minimum retransmit timeout: 200
23484: 18:52:56.022 - No Maximum retransmit timeout
23484: 18:52:56.022 - Minimum ENet timeout: 5000ms
23484: 18:52:56.022 - Maximum ENet timeout: 30000ms
23484: 18:52:56.022 - Max Inbound Reliable Data Queued (awaiting resends of earlier sequence numbers) per peer : 163840 bytes
23484: 18:52:56.022 - No RTT ACK adjustment timeout
23484: 18:52:56.022 - Outbound ENet: MaxInboundMessageSize: 512000
23484: 18:52:56.022 - Outbound ENet: MaxOutboundMessageSize: 512000
23484: 18:52:56.024 - GetRuntime - About to load CLR - versions available:
23484: 18:52:56.024 - v2.0.50727
23484: 18:52:56.024 - v4.0.30319
23484: 18:52:56.024 - Configuration requests: "v2.0.50727"
23484: 18:52:56.024 - About to load version: "v2.0.50727"
23484: 18:52:56.027 - About to load runtime: PhotonHostRuntime.PhotonDomainManager from PhotonHostRuntime, Culture=neutral, PublicKeyToken=02C301B61B060C4D
23484: 18:52:56.027 - CLRBaseDirectory set to "C:\GitHub\KostsaProject\Photon Server v4\deploy"
23484: 18:52:56.027 - Optimising event broadcast for 20 or more peers
23484: 18:52:56.027 - Start: About to load CLR - versions available:
23484: 18:52:56.027 - v2.0.50727
23484: 18:52:56.027 - v4.0.30319
23484: 18:52:56.027 - No preference in configuration file, will load latest.
23484: 18:52:56.027 - About to load version: "v4.0.30319"
23484: 18:52:56.029 - Loaded version: "v4.0.30319"
23484: 18:52:56.189 - Photon host runtime loaded
23484: 18:52:57.900 - License is valid.
23484: 18:52:57.900 - Licensed for 100 concurrent connections.
23484: 18:52:57.900 - ENet: Max Reliable Data In Transit (awaiting ACKs) per peer : 16384 bytes
23484: 18:52:57.900 - ENet: Per peer bandwidth limit
23484: 18:52:57.900 - ENet: Transmit Rate Limit: 256 KB/Sec
23484: 18:52:57.900 - ENet: Limit period: 200ms
23484: 18:52:57.900 - ENet: Limit per period: 52428 bytes
23484: 18:52:57.900 - ENet: Max queued data for transmission per peer: 163840 bytes
23484: 18:52:57.900 - ENet: Minimum retransmit timeout: 200
23484: 18:52:57.900 - No Maximum retransmit timeout
23484: 18:52:57.900 - ENet: Minimum timeout: 5000ms
23484: 18:52:57.900 - ENet: Maximum timeout: 30000ms
23484: 18:52:57.900 - ENet: Max Inbound Reliable Data Queued (awaiting resends of earlier sequence numbers) per peer : 163840 bytes
23484: 18:52:57.900 - No RTT ACK adjustment timeout
23484: 18:52:57.900 - About to load application: ChatServer from ChatServer
23484: 18:52:57.984 - Taking reference on default app domain
23484: 18:52:58.024 - Application: "ChatServer" started in app domain: 2
23484: 18:52:58.024 - Adding TCP listener on: 0.0.0.0: 2749 with a listen backlog of: 150
23484: 18:52:58.024 - TCP inactivity timeout: 5000ms
23484: 18:52:58.024 - TCP disconnect timeout: 120000ms
23484: 18:52:58.024 - MaxInboundMessageSize: 512000
23484: 18:52:58.024 - MaxOutboundMessageSize: 512000
23484: 18:52:58.024 - Forcing all applications ids to: "ChatServer"
23484: 18:52:58.026 - Service is running...
23484: 18:56:19.487 - Service is stopped...
23484: 18:56:19.487 - Server shutting down...
23484: 18:56:19.487 - Shutdown monitoring enabled, 30000ms before process abort
23484: 18:56:19.487 - Notifying CLR applications of shutdown...
23484: 18:56:19.487 - RequestApplicationStop: 2
23484: 18:56:19.495 - RequestStop: defalt app domain
23484: 18:56:19.500 - Shutting down WebSocket Outbound Connection Manager...
23484: 18:56:19.501 - Shutting down TCP Outbound Connection Manager...
23484: 18:56:19.501 - Shutting down ENet Outbound Connection Manager...
23484: 18:56:19.501 - Disconnecting all outbound peers...
23484: 18:56:19.501 - Shutting down ENet host...
23484: 18:56:19.501 - Disconnecting all peers...
23484: 18:56:19.501 - Shutting down socket servers...
23484: 18:56:19.501 - Shutting down ENet thread pool...
23484: 18:56:19.501 - Shutting down TCP inactivity timers...
23484: 18:56:19.501 - WaitingForShutdownToComplete: TCP:0.0.0.0:2749
23484: 18:56:19.501 - OnShutdownCompleted: TCP:0.0.0.0:2749
23484: 18:56:19.501 - Shutting down CLR applications...
23484: 18:56:19.508 - Shutting down business logic thread pool...
18944: 18:56:19.508 - CManagedHost::OnDefaultAction() - OPR_AppDomainUnload - eUnloadAppDomain
23484: 18:56:19.508 - Shutting down I/O thread pool...
23484: 18:56:19.508 - Destroying servers
23484: 18:56:19.508 - Destroying WebSocket Outbound Connection Manager
23484: 18:56:19.508 - Destroying TCP Outbound Connection Manager
23484: 18:56:19.508 - Destroying TCP inactivity timer
23484: 18:56:19.508 - Destroying ENet timer wheel
23484: 18:56:19.508 - Destroying ENet host
23484: 18:56:19.508 - Destroying ENet outbound host
23484: 18:56:19.508 - Destroying HTTP inactivity timer
23484: 18:56:19.508 - Destroying HTTP host
23484: 18:56:19.508 - Destroying HTTP Chunk host
23484: 18:56:19.508 - Flushing ENET buffer allocator...
23484: 18:56:19.508 - Flushing TCP buffer handle allocator...
23484: 18:56:19.508 - Flushing stream socket allocator...
23484: 18:56:19.509 - Flushing inbound datagram socket allocator...
23484: 18:56:19.509 - Flushing outbound datagram socket allocator...
23484: 18:56:19.509 - Destroying CLR dispatcher
23484: 18:56:19.509 - Destroying CLR applications
23484: 18:56:19.509 - ~CCLRApplicationCollection() - Waiting up to 10 seconds for the CLR to release all of our objects
7592: 18:56:19.513 - Unloading Domain: ApplicationName = 'ChatServer', DomainId='2'
18944: 18:56:19.513 - CManagedHost::OnDomainUnload() - 2
23484: 18:56:19.516 - ~CCLRApplicationCollection() - Done. All objects released
23484: 18:56:19.516 - ~CManagedHost() - Release default app domain
23484: 18:56:19.516 - CManagedHost::OnDomainUnload() - 1
23484: 18:56:19.516 - ~CManagedHost() - Waiting up to 10 seconds for CLR shutdown...
23484: 18:56:19.517 - ~CManagedHost
23484: 18:56:19.517 - Destroying ENet thread pool
23484: 18:56:19.517 - Destroying Business logic thread pool
23484: 18:56:19.517 - Destroying I/O thread pool
23484: 18:56:19.517 - Destroying ENet buffer allocator
23484: 18:56:19.517 - Destroying TCP buffer allocator
23484: 18:56:19.517 - Destroying TCP socket allocator
23484: 18:56:19.517 - Destroying ENet inbound socket allocator
23484: 18:56:19.517 - Destroying ENet outbound socket allocator
23484: 18:56:19.517 - Destroying shared datagram flow control data
23484: 18:56:19.517 - Shutdown complete...
23484: 18:56:19.517 - Service shutting down
23484: 18:56:19.520 - Service shut down complete
9644: 18:56:53.259 - ---
9644: 18:56:53.259 - Service: "Photon Socket Server" starting
9644: 18:56:53.260 - Config File: C:\GitHub\KostsaProject\Photon Server v4\deploy\bin_Win64\PhotonServer.config
9644: 18:56:53.261 - Will produce at most: 10 crash dumps
9644: 18:56:53.261 - Action: run as exe
9644: 18:56:53.261 - Server Starting...
9644: 18:56:53.261 -    Tick count: 115345203 (wraps in: 48.3753 days)
9644: 18:56:53.261 - Tick count 64: 115345203
9644: 18:56:53.261 - Photon Version: 4.0.28.2962
9644: 18:56:53.261 - PID: 21480
9644: 18:56:53.261 - Config File: C:\GitHub\KostsaProject\Photon Server v4\deploy\bin_Win64\PhotonServer.config
9644: 18:56:53.262 - Will NOT log unimportant exceptions
9644: 18:56:53.267 - Shutdown timeout enabled: 30000ms
9644: 18:56:53.267 - Starting I/O thread pool with 2 threads
9644: 18:56:53.268 - Using Standard allocator
9644: 18:56:53.268 - Max message size: 512000
9644: 18:56:53.268 - Starting business logic thread pool with the following settings
9644: 18:56:53.268 - InitialThreads: 4 threads
9644: 18:56:53.268 - MinThreads: 4 threads
9644: 18:56:53.268 - Thread pool is fixed size
9644: 18:56:53.268 - Starting ENet thread pool with the following settings
9644: 18:56:53.268 - InitialThreads: 2 threads
9644: 18:56:53.268 - MinThreads: 2 threads
9644: 18:56:53.268 - Thread pool is fixed size
9644: 18:56:53.268 - OnlyDispatchTimers: False
9644: 18:56:53.268 - S2S: flow control: Max pending writes: 50
9644: 18:56:53.268 - S2S: flow control: Max queued buffers: 200
9644: 18:56:53.268 - S2S: flow control: Max pending writes MUX: 500
9644: 18:56:53.268 - S2S: flow control: Max queued buffers MUX: 2000
9644: 18:56:53.268 - S2S: MaxInboundMessageSize: 512000
9644: 18:56:53.268 - S2S: MaxOutboundMessageSize: 512000
9644: 18:56:53.268 - S2S: No inactivity timeout
9644: 18:56:53.272 - WebSocket S2S: MaxInboundMessageSize: 512000
9644: 18:56:53.272 - WebSocket S2S: MaxOutboundMessageSize: 512000
9644: 18:56:53.272 - WebSocket S2S: No inactivity timeout
9644: 18:56:53.272 - Max Reliable Data In Transit (awaiting ACKs) per peer : 16384 bytes
9644: 18:56:53.272 - Per peer bandwidth limit
9644: 18:56:53.272 - Transmit Rate Limit: 256 KB/Sec
9644: 18:56:53.272 - Limit period: 200ms
9644: 18:56:53.272 - Limit per period: 52428 bytes
9644: 18:56:53.272 - Max queued data for transmission per peer: 163840 bytes
9644: 18:56:53.272 - Minimum retransmit timeout: 200
9644: 18:56:53.272 - No Maximum retransmit timeout
9644: 18:56:53.272 - Minimum ENet timeout: 5000ms
9644: 18:56:53.272 - Maximum ENet timeout: 30000ms
9644: 18:56:53.272 - Max Inbound Reliable Data Queued (awaiting resends of earlier sequence numbers) per peer : 163840 bytes
9644: 18:56:53.272 - No RTT ACK adjustment timeout
9644: 18:56:53.272 - Outbound ENet: MaxInboundMessageSize: 512000
9644: 18:56:53.272 - Outbound ENet: MaxOutboundMessageSize: 512000
9644: 18:56:53.274 - GetRuntime - About to load CLR - versions available:
9644: 18:56:53.274 - v2.0.50727
9644: 18:56:53.274 - v4.0.30319
9644: 18:56:53.274 - Configuration requests: "v2.0.50727"
9644: 18:56:53.274 - About to load version: "v2.0.50727"
9644: 18:56:53.277 - About to load runtime: PhotonHostRuntime.PhotonDomainManager from PhotonHostRuntime, Culture=neutral, PublicKeyToken=02C301B61B060C4D
9644: 18:56:53.277 - CLRBaseDirectory set to "C:\GitHub\KostsaProject\Photon Server v4\deploy"
9644: 18:56:53.277 - Optimising event broadcast for 20 or more peers
9644: 18:56:53.277 - Start: About to load CLR - versions available:
9644: 18:56:53.277 - v2.0.50727
9644: 18:56:53.277 - v4.0.30319
9644: 18:56:53.277 - No preference in configuration file, will load latest.
9644: 18:56:53.277 - About to load version: "v4.0.30319"
9644: 18:56:53.279 - Loaded version: "v4.0.30319"
9644: 18:56:53.445 - Photon host runtime loaded
9644: 18:56:55.080 - License is valid.
9644: 18:56:55.080 - Licensed for 100 concurrent connections.
9644: 18:56:55.080 - ENet: Max Reliable Data In Transit (awaiting ACKs) per peer : 16384 bytes
9644: 18:56:55.080 - ENet: Per peer bandwidth limit
9644: 18:56:55.080 - ENet: Transmit Rate Limit: 256 KB/Sec
9644: 18:56:55.080 - ENet: Limit period: 200ms
9644: 18:56:55.080 - ENet: Limit per period: 52428 bytes
9644: 18:56:55.080 - ENet: Max queued data for transmission per peer: 163840 bytes
9644: 18:56:55.080 - ENet: Minimum retransmit timeout: 200
9644: 18:56:55.080 - No Maximum retransmit timeout
9644: 18:56:55.080 - ENet: Minimum timeout: 5000ms
9644: 18:56:55.080 - ENet: Maximum timeout: 30000ms
9644: 18:56:55.080 - ENet: Max Inbound Reliable Data Queued (awaiting resends of earlier sequence numbers) per peer : 163840 bytes
9644: 18:56:55.080 - No RTT ACK adjustment timeout
9644: 18:56:55.080 - About to load application: ChatServer from ChatServer
9644: 18:56:55.171 - Taking reference on default app domain
9644: 18:56:55.206 - Application: "ChatServer" started in app domain: 2
9644: 18:56:55.206 - Adding TCP listener on: 0.0.0.0: 2749 with a listen backlog of: 150
9644: 18:56:55.206 - TCP inactivity timeout: 5000ms
9644: 18:56:55.206 - TCP disconnect timeout: 120000ms
9644: 18:56:55.206 - MaxInboundMessageSize: 512000
9644: 18:56:55.206 - MaxOutboundMessageSize: 512000
9644: 18:56:55.206 - Forcing all applications ids to: "ChatServer"
9644: 18:56:55.209 - Service is running...
9644: 18:56:59.859 - Service is stopped...
9644: 18:56:59.859 - Server shutting down...
9644: 18:56:59.859 - Shutdown monitoring enabled, 30000ms before process abort
9644: 18:56:59.859 - Notifying CLR applications of shutdown...
9644: 18:56:59.859 - RequestApplicationStop: 2
9644: 18:56:59.867 - RequestStop: defalt app domain
9644: 18:56:59.874 - Shutting down WebSocket Outbound Connection Manager...
9644: 18:56:59.874 - Shutting down TCP Outbound Connection Manager...
9644: 18:56:59.874 - Shutting down ENet Outbound Connection Manager...
9644: 18:56:59.874 - Disconnecting all outbound peers...
9644: 18:56:59.874 - Shutting down ENet host...
9644: 18:56:59.874 - Disconnecting all peers...
9644: 18:56:59.874 - Shutting down socket servers...
9644: 18:56:59.874 - Shutting down ENet thread pool...
9644: 18:56:59.874 - Shutting down TCP inactivity timers...
9644: 18:56:59.875 - WaitingForShutdownToComplete: TCP:0.0.0.0:2749
9644: 18:56:59.875 - OnShutdownCompleted: TCP:0.0.0.0:2749
9644: 18:56:59.875 - Shutting down CLR applications...
9644: 18:56:59.882 - Shutting down business logic thread pool...
21516: 18:56:59.882 - CManagedHost::OnDefaultAction() - OPR_AppDomainUnload - eUnloadAppDomain
9644: 18:56:59.882 - Shutting down I/O thread pool...
9644: 18:56:59.882 - Destroying servers
9644: 18:56:59.882 - Destroying WebSocket Outbound Connection Manager
9644: 18:56:59.882 - Destroying TCP Outbound Connection Manager
9644: 18:56:59.882 - Destroying TCP inactivity timer
9644: 18:56:59.882 - Destroying ENet timer wheel
9644: 18:56:59.882 - Destroying ENet host
9644: 18:56:59.882 - Destroying ENet outbound host
9644: 18:56:59.882 - Destroying HTTP inactivity timer
9644: 18:56:59.882 - Destroying HTTP host
9644: 18:56:59.882 - Destroying HTTP Chunk host
9644: 18:56:59.882 - Flushing ENET buffer allocator...
9644: 18:56:59.882 - Flushing TCP buffer handle allocator...
9644: 18:56:59.882 - Flushing stream socket allocator...
9644: 18:56:59.882 - Flushing inbound datagram socket allocator...
9644: 18:56:59.882 - Flushing outbound datagram socket allocator...
9644: 18:56:59.882 - Destroying CLR dispatcher
9644: 18:56:59.882 - Destroying CLR applications
9644: 18:56:59.883 - ~CCLRApplicationCollection() - Waiting up to 10 seconds for the CLR to release all of our objects
24508: 18:56:59.888 - Unloading Domain: ApplicationName = 'ChatServer', DomainId='2'
21516: 18:56:59.888 - CManagedHost::OnDomainUnload() - 2
9644: 18:56:59.890 - ~CCLRApplicationCollection() - Done. All objects released
9644: 18:56:59.891 - ~CManagedHost() - Release default app domain
9644: 18:56:59.891 - CManagedHost::OnDomainUnload() - 1
9644: 18:56:59.891 - ~CManagedHost() - Waiting up to 10 seconds for CLR shutdown...
9644: 18:56:59.891 - ~CManagedHost
9644: 18:56:59.891 - Destroying ENet thread pool
9644: 18:56:59.891 - Destroying Business logic thread pool
9644: 18:56:59.891 - Destroying I/O thread pool
9644: 18:56:59.891 - Destroying ENet buffer allocator
9644: 18:56:59.891 - Destroying TCP buffer allocator
9644: 18:56:59.891 - Destroying TCP socket allocator
9644: 18:56:59.891 - Destroying ENet inbound socket allocator
9644: 18:56:59.891 - Destroying ENet outbound socket allocator
9644: 18:56:59.891 - Destroying shared datagram flow control data
9644: 18:56:59.891 - Shutdown complete...
9644: 18:56:59.891 - Service shutting down
9644: 18:56:59.893 - Service shut down complete
10472: 18:57:03.040 - ---
10472: 18:57:03.040 - Service: "Photon Socket Server" starting
10472: 18:57:03.041 - Config File: C:\GitHub\KostsaProject\Photon Server v4\deploy\bin_Win64\PhotonServer.config
10472: 18:57:03.042 - Will produce at most: 10 crash dumps
10472: 18:57:03.042 - Action: install service
10472: 18:57:03.046 - Service: "Photon Socket Server: ChatServer" installed
10472: 18:57:03.046 - Config File Path: "C:\GitHub\KostsaProject\Photon Server v4\deploy\bin_Win64"
10472: 18:57:03.046 - Config File Name: ""
10472: 18:57:03.046 - MessageBox: Photon Socket Server: ChatServer - 4.0.28.2962

Service installed

Instance Name = "ChatServer"
10472: 18:57:04.588 - Service shutting down
10472: 18:57:04.590 - Service shut down complete
11516: 18:57:09.356 - ---
11516: 18:57:09.356 - Service: "Photon Socket Server" starting
11516: 18:57:09.356 - Config File: C:\GitHub\KostsaProject\Photon Server v4\deploy\bin_Win64\PhotonServer.config
11516: 18:57:09.357 - Will produce at most: 10 crash dumps
11516: 18:57:09.357 - Action: run as service
17292: 18:57:09.359 - Server Starting...
17292: 18:57:09.359 -    Tick count: 115361312 (wraps in: 48.3751 days)
17292: 18:57:09.359 - Tick count 64: 115361312
17292: 18:57:09.359 - Photon Version: 4.0.28.2962
17292: 18:57:09.359 - PID: 19744
17292: 18:57:09.359 - Current directory is: C:\WINDOWS\system32
17292: 18:57:09.359 - Changing current directory to: C:\GitHub\KostsaProject\Photon Server v4\deploy\bin_Win64
17292: 18:57:09.359 - Config File: C:\GitHub\KostsaProject\Photon Server v4\deploy\bin_Win64\PhotonServer.config
17292: 18:57:09.359 - Will NOT log unimportant exceptions
17292: 18:57:09.367 - Shutdown timeout enabled: 30000ms
17292: 18:57:09.367 - Starting I/O thread pool with 2 threads
17292: 18:57:09.367 - Using Standard allocator
17292: 18:57:09.367 - Max message size: 512000
17292: 18:57:09.367 - Starting business logic thread pool with the following settings
17292: 18:57:09.367 - InitialThreads: 4 threads
17292: 18:57:09.367 - MinThreads: 4 threads
17292: 18:57:09.367 - Thread pool is fixed size
17292: 18:57:09.367 - Starting ENet thread pool with the following settings
17292: 18:57:09.367 - InitialThreads: 2 threads
17292: 18:57:09.367 - MinThreads: 2 threads
17292: 18:57:09.367 - Thread pool is fixed size
17292: 18:57:09.367 - OnlyDispatchTimers: False
17292: 18:57:09.367 - S2S: flow control: Max pending writes: 50
17292: 18:57:09.367 - S2S: flow control: Max queued buffers: 200
17292: 18:57:09.367 - S2S: flow control: Max pending writes MUX: 500
17292: 18:57:09.367 - S2S: flow control: Max queued buffers MUX: 2000
17292: 18:57:09.367 - S2S: MaxInboundMessageSize: 512000
17292: 18:57:09.367 - S2S: MaxOutboundMessageSize: 512000
17292: 18:57:09.367 - S2S: No inactivity timeout
17292: 18:57:09.371 - WebSocket S2S: MaxInboundMessageSize: 512000
17292: 18:57:09.371 - WebSocket S2S: MaxOutboundMessageSize: 512000
17292: 18:57:09.371 - WebSocket S2S: No inactivity timeout
17292: 18:57:09.371 - Max Reliable Data In Transit (awaiting ACKs) per peer : 16384 bytes
17292: 18:57:09.371 - Per peer bandwidth limit
17292: 18:57:09.371 - Transmit Rate Limit: 256 KB/Sec
17292: 18:57:09.371 - Limit period: 200ms
17292: 18:57:09.371 - Limit per period: 52428 bytes
17292: 18:57:09.371 - Max queued data for transmission per peer: 163840 bytes
17292: 18:57:09.371 - Minimum retransmit timeout: 200
17292: 18:57:09.371 - No Maximum retransmit timeout
17292: 18:57:09.371 - Minimum ENet timeout: 5000ms
17292: 18:57:09.371 - Maximum ENet timeout: 30000ms
17292: 18:57:09.371 - Max Inbound Reliable Data Queued (awaiting resends of earlier sequence numbers) per peer : 163840 bytes
17292: 18:57:09.371 - No RTT ACK adjustment timeout
17292: 18:57:09.371 - Outbound ENet: MaxInboundMessageSize: 512000
17292: 18:57:09.371 - Outbound ENet: MaxOutboundMessageSize: 512000
17292: 18:57:09.372 - GetRuntime - About to load CLR - versions available:
17292: 18:57:09.372 - v2.0.50727
17292: 18:57:09.372 - v4.0.30319
17292: 18:57:09.372 - Configuration requests: "v2.0.50727"
17292: 18:57:09.372 - About to load version: "v2.0.50727"
17292: 18:57:09.377 - About to load runtime: PhotonHostRuntime.PhotonDomainManager from PhotonHostRuntime, Culture=neutral, PublicKeyToken=02C301B61B060C4D
17292: 18:57:09.377 - CLRBaseDirectory set to "C:\GitHub\KostsaProject\Photon Server v4\deploy"
17292: 18:57:09.377 - Optimising event broadcast for 20 or more peers
17292: 18:57:09.377 - Start: About to load CLR - versions available:
17292: 18:57:09.377 - v2.0.50727
17292: 18:57:09.377 - v4.0.30319
17292: 18:57:09.377 - No preference in configuration file, will load latest.
17292: 18:57:09.377 - About to load version: "v4.0.30319"
17292: 18:57:09.378 - Loaded version: "v4.0.30319"
17292: 18:57:09.564 - Photon host runtime loaded
17292: 18:57:11.179 - License is valid.
17292: 18:57:11.179 - Licensed for 100 concurrent connections.
17292: 18:57:11.179 - ENet: Max Reliable Data In Transit (awaiting ACKs) per peer : 16384 bytes
17292: 18:57:11.179 - ENet: Per peer bandwidth limit
17292: 18:57:11.179 - ENet: Transmit Rate Limit: 256 KB/Sec
17292: 18:57:11.179 - ENet: Limit period: 200ms
17292: 18:57:11.179 - ENet: Limit per period: 52428 bytes
17292: 18:57:11.179 - ENet: Max queued data for transmission per peer: 163840 bytes
17292: 18:57:11.179 - ENet: Minimum retransmit timeout: 200
17292: 18:57:11.179 - No Maximum retransmit timeout
17292: 18:57:11.179 - ENet: Minimum timeout: 5000ms
17292: 18:57:11.179 - ENet: Maximum timeout: 30000ms
17292: 18:57:11.179 - ENet: Max Inbound Reliable Data Queued (awaiting resends of earlier sequence numbers) per peer : 163840 bytes
17292: 18:57:11.179 - No RTT ACK adjustment timeout
17292: 18:57:11.180 - About to load application: ChatServer from ChatServer
17292: 18:57:11.255 - Taking reference on default app domain
17292: 18:57:11.290 - Application: "ChatServer" started in app domain: 2
17292: 18:57:11.290 - Adding TCP listener on: 0.0.0.0: 2749 with a listen backlog of: 150
17292: 18:57:11.290 - TCP inactivity timeout: 5000ms
17292: 18:57:11.290 - TCP disconnect timeout: 120000ms
17292: 18:57:11.290 - MaxInboundMessageSize: 512000
17292: 18:57:11.290 - MaxOutboundMessageSize: 512000
17292: 18:57:11.290 - Forcing all applications ids to: "ChatServer"
17292: 18:57:11.293 - Service is running...
17292: 18:58:17.694 - Service is stopped...
17292: 18:58:17.694 - Server shutting down...
17292: 18:58:17.694 - Shutdown monitoring enabled, 30000ms before process abort
17292: 18:58:17.694 - Notifying CLR applications of shutdown...
17292: 18:58:17.694 - RequestApplicationStop: 2
17292: 18:58:17.701 - RequestStop: defalt app domain
17292: 18:58:17.706 - Shutting down WebSocket Outbound Connection Manager...
17292: 18:58:17.706 - Shutting down TCP Outbound Connection Manager...
17292: 18:58:17.706 - Shutting down ENet Outbound Connection Manager...
17292: 18:58:17.706 - Disconnecting all outbound peers...
17292: 18:58:17.706 - Shutting down ENet host...
17292: 18:58:17.706 - Disconnecting all peers...
17292: 18:58:17.706 - Shutting down socket servers...
17292: 18:58:17.706 - Shutting down ENet thread pool...
17292: 18:58:17.706 - Shutting down TCP inactivity timers...
17292: 18:58:17.707 - WaitingForShutdownToComplete: TCP:0.0.0.0:2749
17292: 18:58:17.707 - OnShutdownCompleted: TCP:0.0.0.0:2749
17292: 18:58:17.707 - Shutting down CLR applications...
17292: 18:58:17.715 - Shutting down business logic thread pool...
7096: 18:58:17.715 - CManagedHost::OnDefaultAction() - OPR_AppDomainUnload - eUnloadAppDomain
17292: 18:58:17.715 - Shutting down I/O thread pool...
17292: 18:58:17.715 - Destroying servers
17292: 18:58:17.715 - Destroying WebSocket Outbound Connection Manager
17292: 18:58:17.715 - Destroying TCP Outbound Connection Manager
17292: 18:58:17.715 - Destroying TCP inactivity timer
17292: 18:58:17.715 - Destroying ENet timer wheel
17292: 18:58:17.715 - Destroying ENet host
17292: 18:58:17.715 - Destroying ENet outbound host
17292: 18:58:17.715 - Destroying HTTP inactivity timer
17292: 18:58:17.715 - Destroying HTTP host
17292: 18:58:17.715 - Destroying HTTP Chunk host
17292: 18:58:17.715 - Flushing ENET buffer allocator...
17292: 18:58:17.715 - Flushing TCP buffer handle allocator...
17292: 18:58:17.715 - Flushing stream socket allocator...
17292: 18:58:17.715 - Flushing inbound datagram socket allocator...
17292: 18:58:17.715 - Flushing outbound datagram socket allocator...
17292: 18:58:17.715 - Destroying CLR dispatcher
17292: 18:58:17.715 - Destroying CLR applications
17292: 18:58:17.715 - ~CCLRApplicationCollection() - Waiting up to 10 seconds for the CLR to release all of our objects
9056: 18:58:17.720 - Unloading Domain: ApplicationName = 'ChatServer', DomainId='2'
7096: 18:58:17.720 - CManagedHost::OnDomainUnload() - 2
17292: 18:58:17.722 - ~CCLRApplicationCollection() - Done. All objects released
17292: 18:58:17.722 - ~CManagedHost() - Release default app domain
17292: 18:58:17.722 - CManagedHost::OnDomainUnload() - 1
17292: 18:58:17.722 - ~CManagedHost() - Waiting up to 10 seconds for CLR shutdown...
17292: 18:58:17.722 - ~CManagedHost
17292: 18:58:17.722 - Destroying ENet thread pool
17292: 18:58:17.722 - Destroying Business logic thread pool
17292: 18:58:17.722 - Destroying I/O thread pool
17292: 18:58:17.722 - Destroying ENet buffer allocator
17292: 18:58:17.722 - Destroying TCP buffer allocator
17292: 18:58:17.722 - Destroying TCP socket allocator
17292: 18:58:17.722 - Destroying ENet inbound socket allocator
17292: 18:58:17.722 - Destroying ENet outbound socket allocator
17292: 18:58:17.722 - Destroying shared datagram flow control data
17292: 18:58:17.722 - Shutdown complete...
11516: 18:58:17.722 - Service shutting down
11516: 18:58:17.727 - Service shut down complete
12272: 18:58:21.529 - ---
12272: 18:58:21.529 - Service: "Photon Socket Server" starting
12272: 18:58:21.529 - Config File: C:\GitHub\KostsaProject\Photon Server v4\deploy\bin_Win64\PhotonServer.config
12272: 18:58:21.531 - Will produce at most: 10 crash dumps
12272: 18:58:21.531 - Action: remove service
12272: 18:58:21.532 - Service: "Photon Socket Server: ChatServer" removed
12272: 18:58:21.532 - MessageBox: Photon Socket Server: ChatServer - 4.0.28.2962

Service removed

Instance Name = "ChatServer"
12272: 18:58:22.676 - Service shutting down
12272: 18:58:22.678 - Service shut down complete
22692: 18:58:26.173 - ---
22692: 18:58:26.173 - Service: "Photon Socket Server" starting
22692: 18:58:26.173 - Config File: C:\GitHub\KostsaProject\Photon Server v4\deploy\bin_Win64\PhotonServer.config
22692: 18:58:26.175 - Will produce at most: 10 crash dumps
22692: 18:58:26.175 - Action: run as exe
22692: 18:58:26.175 - Server Starting...
22692: 18:58:26.175 -    Tick count: 115438125 (wraps in: 48.3742 days)
22692: 18:58:26.175 - Tick count 64: 115438125
22692: 18:58:26.175 - Photon Version: 4.0.28.2962
22692: 18:58:26.175 - PID: 15356
22692: 18:58:26.175 - Config File: C:\GitHub\KostsaProject\Photon Server v4\deploy\bin_Win64\PhotonServer.config
22692: 18:58:26.176 - Will NOT log unimportant exceptions
22692: 18:58:26.181 - Shutdown timeout enabled: 30000ms
22692: 18:58:26.181 - Starting I/O thread pool with 2 threads
22692: 18:58:26.181 - Using Standard allocator
22692: 18:58:26.181 - Max message size: 512000
22692: 18:58:26.181 - Starting business logic thread pool with the following settings
22692: 18:58:26.181 - InitialThreads: 4 threads
22692: 18:58:26.181 - MinThreads: 4 threads
22692: 18:58:26.181 - Thread pool is fixed size
22692: 18:58:26.182 - Starting ENet thread pool with the following settings
22692: 18:58:26.182 - InitialThreads: 2 threads
22692: 18:58:26.182 - MinThreads: 2 threads
22692: 18:58:26.182 - Thread pool is fixed size
22692: 18:58:26.182 - OnlyDispatchTimers: False
22692: 18:58:26.182 - S2S: flow control: Max pending writes: 50
22692: 18:58:26.182 - S2S: flow control: Max queued buffers: 200
22692: 18:58:26.182 - S2S: flow control: Max pending writes MUX: 500
22692: 18:58:26.182 - S2S: flow control: Max queued buffers MUX: 2000
22692: 18:58:26.182 - S2S: MaxInboundMessageSize: 512000
22692: 18:58:26.182 - S2S: MaxOutboundMessageSize: 512000
22692: 18:58:26.182 - S2S: No inactivity timeout
22692: 18:58:26.185 - WebSocket S2S: MaxInboundMessageSize: 512000
22692: 18:58:26.185 - WebSocket S2S: MaxOutboundMessageSize: 512000
22692: 18:58:26.185 - WebSocket S2S: No inactivity timeout
22692: 18:58:26.185 - Max Reliable Data In Transit (awaiting ACKs) per peer : 16384 bytes
22692: 18:58:26.185 - Per peer bandwidth limit
22692: 18:58:26.185 - Transmit Rate Limit: 256 KB/Sec
22692: 18:58:26.185 - Limit period: 200ms
22692: 18:58:26.185 - Limit per period: 52428 bytes
22692: 18:58:26.185 - Max queued data for transmission per peer: 163840 bytes
22692: 18:58:26.185 - Minimum retransmit timeout: 200
22692: 18:58:26.185 - No Maximum retransmit timeout
22692: 18:58:26.185 - Minimum ENet timeout: 5000ms
22692: 18:58:26.185 - Maximum ENet timeout: 30000ms
22692: 18:58:26.185 - Max Inbound Reliable Data Queued (awaiting resends of earlier sequence numbers) per peer : 163840 bytes
22692: 18:58:26.185 - No RTT ACK adjustment timeout
22692: 18:58:26.185 - Outbound ENet: MaxInboundMessageSize: 512000
22692: 18:58:26.185 - Outbound ENet: MaxOutboundMessageSize: 512000
22692: 18:58:26.186 - GetRuntime - About to load CLR - versions available:
22692: 18:58:26.186 - v2.0.50727
22692: 18:58:26.186 - v4.0.30319
22692: 18:58:26.186 - Configuration requests: "v2.0.50727"
22692: 18:58:26.186 - About to load version: "v2.0.50727"
22692: 18:58:26.189 - About to load runtime: PhotonHostRuntime.PhotonDomainManager from PhotonHostRuntime, Culture=neutral, PublicKeyToken=02C301B61B060C4D
22692: 18:58:26.189 - CLRBaseDirectory set to "C:\GitHub\KostsaProject\Photon Server v4\deploy"
22692: 18:58:26.189 - Optimising event broadcast for 20 or more peers
22692: 18:58:26.190 - Start: About to load CLR - versions available:
22692: 18:58:26.190 - v2.0.50727
22692: 18:58:26.190 - v4.0.30319
22692: 18:58:26.190 - No preference in configuration file, will load latest.
22692: 18:58:26.190 - About to load version: "v4.0.30319"
22692: 18:58:26.191 - Loaded version: "v4.0.30319"
22692: 18:58:26.322 - Photon host runtime loaded
22692: 18:58:28.060 - License is valid.
22692: 18:58:28.060 - Licensed for 100 concurrent connections.
22692: 18:58:28.060 - ENet: Max Reliable Data In Transit (awaiting ACKs) per peer : 16384 bytes
22692: 18:58:28.060 - ENet: Per peer bandwidth limit
22692: 18:58:28.060 - ENet: Transmit Rate Limit: 256 KB/Sec
22692: 18:58:28.060 - ENet: Limit period: 200ms
22692: 18:58:28.060 - ENet: Limit per period: 52428 bytes
22692: 18:58:28.060 - ENet: Max queued data for transmission per peer: 163840 bytes
22692: 18:58:28.060 - ENet: Minimum retransmit timeout: 200
22692: 18:58:28.060 - No Maximum retransmit timeout
22692: 18:58:28.060 - ENet: Minimum timeout: 5000ms
22692: 18:58:28.060 - ENet: Maximum timeout: 30000ms
22692: 18:58:28.060 - ENet: Max Inbound Reliable Data Queued (awaiting resends of earlier sequence numbers) per peer : 163840 bytes
22692: 18:58:28.060 - No RTT ACK adjustment timeout
22692: 18:58:28.060 - About to load application: ChatServer from ChatServer
22692: 18:58:28.140 - Taking reference on default app domain
22692: 18:58:28.177 - Application: "ChatServer" started in app domain: 2
22692: 18:58:28.177 - Adding TCP listener on: 0.0.0.0: 2749 with a listen backlog of: 150
22692: 18:58:28.177 - TCP inactivity timeout: 5000ms
22692: 18:58:28.177 - TCP disconnect timeout: 120000ms
22692: 18:58:28.177 - MaxInboundMessageSize: 512000
22692: 18:58:28.177 - MaxOutboundMessageSize: 512000
22692: 18:58:28.177 - Forcing all applications ids to: "ChatServer"
22692: 18:58:28.180 - Service is running...
22692: 19:01:20.647 - Service is stopped...
22692: 19:01:20.647 - Server shutting down...
22692: 19:01:20.647 - Shutdown monitoring disabled due to the fact we're running in the debugger
22692: 19:01:20.647 - Notifying CLR applications of shutdown...
22692: 19:01:20.647 - RequestApplicationStop: 2
22692: 19:01:20.653 - RequestStop: defalt app domain
22692: 19:01:20.660 - Shutting down WebSocket Outbound Connection Manager...
22692: 19:01:20.660 - Shutting down TCP Outbound Connection Manager...
22692: 19:01:20.660 - Shutting down ENet Outbound Connection Manager...
22692: 19:01:20.660 - Disconnecting all outbound peers...
22692: 19:01:20.660 - Shutting down ENet host...
22692: 19:01:20.660 - Disconnecting all peers...
22692: 19:01:20.660 - Shutting down socket servers...
22692: 19:01:20.660 - Shutting down ENet thread pool...
22692: 19:01:20.661 - Shutting down TCP inactivity timers...
22692: 19:01:20.661 - WaitingForShutdownToComplete: TCP:0.0.0.0:2749
22692: 19:01:20.661 - OnShutdownCompleted: TCP:0.0.0.0:2749
22692: 19:01:20.661 - Shutting down CLR applications...
22692: 19:01:20.670 - Shutting down business logic thread pool...
16684: 19:01:20.670 - CManagedHost::OnDefaultAction() - OPR_AppDomainUnload - eUnloadAppDomain
22692: 19:01:20.670 - Shutting down I/O thread pool...
22692: 19:01:20.670 - Destroying servers
22692: 19:01:20.670 - Destroying WebSocket Outbound Connection Manager
22692: 19:01:20.670 - Destroying TCP Outbound Connection Manager
22692: 19:01:20.670 - Destroying TCP inactivity timer
22692: 19:01:20.670 - Destroying ENet timer wheel
22692: 19:01:20.670 - Destroying ENet host
22692: 19:01:20.670 - Destroying ENet outbound host
22692: 19:01:20.670 - Destroying HTTP inactivity timer
22692: 19:01:20.670 - Destroying HTTP host
22692: 19:01:20.670 - Destroying HTTP Chunk host
22692: 19:01:20.670 - Flushing ENET buffer allocator...
22692: 19:01:20.670 - Flushing TCP buffer handle allocator...
22692: 19:01:20.670 - Flushing stream socket allocator...
22692: 19:01:20.671 - Flushing inbound datagram socket allocator...
22692: 19:01:20.671 - Flushing outbound datagram socket allocator...
22692: 19:01:20.671 - Destroying CLR dispatcher
22692: 19:01:20.671 - Destroying CLR applications
22692: 19:01:20.671 - ~CCLRApplicationCollection() - Waiting up to 10 seconds for the CLR to release all of our objects
22652: 19:01:20.675 - Unloading Domain: ApplicationName = 'ChatServer', DomainId='2'
16684: 19:01:20.681 - CManagedHost::OnDomainUnload() - 2
22692: 19:01:20.683 - ~CCLRApplicationCollection() - Done. All objects released
22692: 19:01:20.684 - ~CManagedHost() - Release default app domain
22692: 19:01:20.684 - CManagedHost::OnDomainUnload() - 1
22692: 19:01:20.684 - ~CManagedHost() - Waiting up to 10 seconds for CLR shutdown...
22692: 19:01:20.686 - ~CManagedHost
22692: 19:01:20.686 - Destroying ENet thread pool
22692: 19:01:20.686 - Destroying Business logic thread pool
22692: 19:01:20.686 - Destroying I/O thread pool
22692: 19:01:20.686 - Destroying ENet buffer allocator
22692: 19:01:20.686 - Destroying TCP buffer allocator
22692: 19:01:20.686 - Destroying TCP socket allocator
22692: 19:01:20.686 - Destroying ENet inbound socket allocator
22692: 19:01:20.686 - Destroying ENet outbound socket allocator
22692: 19:01:20.686 - Destroying shared datagram flow control data
22692: 19:01:20.686 - Shutdown complete...
22692: 19:01:20.686 - Service shutting down
22692: 19:01:20.690 - Service shut down complete
22976: 19:01:35.528 - ---
22976: 19:01:35.528 - Service: "Photon Socket Server" starting
22976: 19:01:35.528 - Config File: C:\GitHub\KostsaProject\Photon Server v4\deploy\bin_Win64\PhotonServer.config
22976: 19:01:35.529 - Will produce at most: 10 crash dumps
22976: 19:01:35.529 - Action: run as exe
22976: 19:01:35.530 - Server Starting...
22976: 19:01:35.530 -    Tick count: 115627484 (wraps in: 48.372 days)
22976: 19:01:35.530 - Tick count 64: 115627484
22976: 19:01:35.530 - Photon Version: 4.0.28.2962
22976: 19:01:35.530 - PID: 9420
22976: 19:01:35.530 - Config File: C:\GitHub\KostsaProject\Photon Server v4\deploy\bin_Win64\PhotonServer.config
22976: 19:01:35.530 - Will NOT log unimportant exceptions
22976: 19:01:35.537 - Shutdown timeout enabled: 30000ms
22976: 19:01:35.537 - Starting I/O thread pool with 2 threads
22976: 19:01:35.537 - Using Standard allocator
22976: 19:01:35.537 - Max message size: 512000
22976: 19:01:35.538 - Starting business logic thread pool with the following settings
22976: 19:01:35.538 - InitialThreads: 4 threads
22976: 19:01:35.538 - MinThreads: 4 threads
22976: 19:01:35.538 - Thread pool is fixed size
22976: 19:01:35.538 - Starting ENet thread pool with the following settings
22976: 19:01:35.538 - InitialThreads: 2 threads
22976: 19:01:35.538 - MinThreads: 2 threads
22976: 19:01:35.538 - Thread pool is fixed size
22976: 19:01:35.538 - OnlyDispatchTimers: False
22976: 19:01:35.538 - S2S: flow control: Max pending writes: 50
22976: 19:01:35.538 - S2S: flow control: Max queued buffers: 200
22976: 19:01:35.538 - S2S: flow control: Max pending writes MUX: 500
22976: 19:01:35.538 - S2S: flow control: Max queued buffers MUX: 2000
22976: 19:01:35.538 - S2S: MaxInboundMessageSize: 512000
22976: 19:01:35.538 - S2S: MaxOutboundMessageSize: 512000
22976: 19:01:35.538 - S2S: No inactivity timeout
22976: 19:01:35.541 - WebSocket S2S: MaxInboundMessageSize: 512000
22976: 19:01:35.541 - WebSocket S2S: MaxOutboundMessageSize: 512000
22976: 19:01:35.541 - WebSocket S2S: No inactivity timeout
22976: 19:01:35.541 - Max Reliable Data In Transit (awaiting ACKs) per peer : 16384 bytes
22976: 19:01:35.541 - Per peer bandwidth limit
22976: 19:01:35.541 - Transmit Rate Limit: 256 KB/Sec
22976: 19:01:35.541 - Limit period: 200ms
22976: 19:01:35.541 - Limit per period: 52428 bytes
22976: 19:01:35.541 - Max queued data for transmission per peer: 163840 bytes
22976: 19:01:35.541 - Minimum retransmit timeout: 200
22976: 19:01:35.541 - No Maximum retransmit timeout
22976: 19:01:35.541 - Minimum ENet timeout: 5000ms
22976: 19:01:35.541 - Maximum ENet timeout: 30000ms
22976: 19:01:35.541 - Max Inbound Reliable Data Queued (awaiting resends of earlier sequence numbers) per peer : 163840 bytes
22976: 19:01:35.541 - No RTT ACK adjustment timeout
22976: 19:01:35.541 - Outbound ENet: MaxInboundMessageSize: 512000
22976: 19:01:35.541 - Outbound ENet: MaxOutboundMessageSize: 512000
22976: 19:01:35.543 - GetRuntime - About to load CLR - versions available:
22976: 19:01:35.543 - v2.0.50727
22976: 19:01:35.543 - v4.0.30319
22976: 19:01:35.543 - Configuration requests: "v2.0.50727"
22976: 19:01:35.543 - About to load version: "v2.0.50727"
22976: 19:01:35.545 - About to load runtime: PhotonHostRuntime.PhotonDomainManager from PhotonHostRuntime, Culture=neutral, PublicKeyToken=02C301B61B060C4D
22976: 19:01:35.545 - CLRBaseDirectory set to "C:\GitHub\KostsaProject\Photon Server v4\deploy"
22976: 19:01:35.545 - Optimising event broadcast for 20 or more peers
22976: 19:01:35.546 - Start: About to load CLR - versions available:
22976: 19:01:35.546 - v2.0.50727
22976: 19:01:35.546 - v4.0.30319
22976: 19:01:35.546 - No preference in configuration file, will load latest.
22976: 19:01:35.546 - About to load version: "v4.0.30319"
22976: 19:01:35.547 - Loaded version: "v4.0.30319"
22976: 19:01:35.722 - Photon host runtime loaded
22976: 19:01:37.382 - License is valid.
22976: 19:01:37.382 - Licensed for 100 concurrent connections.
22976: 19:01:37.382 - ENet: Max Reliable Data In Transit (awaiting ACKs) per peer : 16384 bytes
22976: 19:01:37.382 - ENet: Per peer bandwidth limit
22976: 19:01:37.382 - ENet: Transmit Rate Limit: 256 KB/Sec
22976: 19:01:37.382 - ENet: Limit period: 200ms
22976: 19:01:37.382 - ENet: Limit per period: 52428 bytes
22976: 19:01:37.382 - ENet: Max queued data for transmission per peer: 163840 bytes
22976: 19:01:37.382 - ENet: Minimum retransmit timeout: 200
22976: 19:01:37.382 - No Maximum retransmit timeout
22976: 19:01:37.382 - ENet: Minimum timeout: 5000ms
22976: 19:01:37.382 - ENet: Maximum timeout: 30000ms
22976: 19:01:37.382 - ENet: Max Inbound Reliable Data Queued (awaiting resends of earlier sequence numbers) per peer : 163840 bytes
22976: 19:01:37.382 - No RTT ACK adjustment timeout
22976: 19:01:37.382 - About to load application: ChatServer from ChatServer
22976: 19:01:37.474 - Taking reference on default app domain
22976: 19:01:37.509 - Application: "ChatServer" started in app domain: 2
22976: 19:01:37.509 - Adding TCP listener on: 0.0.0.0: 2749 with a listen backlog of: 150
22976: 19:01:37.509 - TCP inactivity timeout: 5000ms
22976: 19:01:37.509 - TCP disconnect timeout: 120000ms
22976: 19:01:37.509 - MaxInboundMessageSize: 512000
22976: 19:01:37.509 - MaxOutboundMessageSize: 512000
22976: 19:01:37.509 - Forcing all applications ids to: "ChatServer"
22976: 19:01:37.511 - Service is running...
22976: 19:21:32.956 - Service is stopped...
22976: 19:21:32.956 - Server shutting down...
22976: 19:21:32.956 - Shutdown monitoring enabled, 30000ms before process abort
22976: 19:21:32.956 - Notifying CLR applications of shutdown...
22976: 19:21:32.956 - RequestApplicationStop: 2
22976: 19:21:32.958 - RequestStop: defalt app domain
22976: 19:21:32.963 - Shutting down WebSocket Outbound Connection Manager...
22976: 19:21:32.963 - Shutting down TCP Outbound Connection Manager...
22976: 19:21:32.963 - Shutting down ENet Outbound Connection Manager...
22976: 19:21:32.963 - Disconnecting all outbound peers...
22976: 19:21:32.963 - Shutting down ENet host...
22976: 19:21:32.963 - Disconnecting all peers...
22976: 19:21:32.963 - Shutting down socket servers...
22976: 19:21:32.963 - Shutting down ENet thread pool...
22976: 19:21:32.964 - Shutting down TCP inactivity timers...
22976: 19:21:32.964 - WaitingForShutdownToComplete: TCP:0.0.0.0:2749
22976: 19:21:32.964 - OnShutdownCompleted: TCP:0.0.0.0:2749
22976: 19:21:32.964 - Shutting down CLR applications...
22976: 19:21:32.965 - Shutting down business logic thread pool...
22976: 19:21:32.965 - Shutting down I/O thread pool...
13968: 19:21:32.965 - CManagedHost::OnDefaultAction() - OPR_AppDomainUnload - eUnloadAppDomain
22976: 19:21:32.965 - Destroying servers
22976: 19:21:32.965 - Destroying WebSocket Outbound Connection Manager
22976: 19:21:32.965 - Destroying TCP Outbound Connection Manager
22976: 19:21:32.965 - Destroying TCP inactivity timer
22976: 19:21:32.965 - Destroying ENet timer wheel
22976: 19:21:32.965 - Destroying ENet host
22976: 19:21:32.965 - Destroying ENet outbound host
22976: 19:21:32.965 - Destroying HTTP inactivity timer
22976: 19:21:32.965 - Destroying HTTP host
22976: 19:21:32.965 - Destroying HTTP Chunk host
22976: 19:21:32.965 - Flushing ENET buffer allocator...
22976: 19:21:32.965 - Flushing TCP buffer handle allocator...
22976: 19:21:32.965 - Flushing stream socket allocator...
22976: 19:21:32.965 - Flushing inbound datagram socket allocator...
22976: 19:21:32.965 - Flushing outbound datagram socket allocator...
22976: 19:21:32.965 - Destroying CLR dispatcher
22976: 19:21:32.965 - Destroying CLR applications
22976: 19:21:32.965 - ~CCLRApplicationCollection() - Waiting up to 10 seconds for the CLR to release all of our objects
23144: 19:21:32.970 - Unloading Domain: ApplicationName = 'ChatServer', DomainId='2'
13968: 19:21:32.970 - CManagedHost::OnDomainUnload() - 2
22976: 19:21:32.971 - ~CCLRApplicationCollection() - Done. All objects released
22976: 19:21:32.972 - ~CManagedHost() - Release default app domain
22976: 19:21:32.972 - CManagedHost::OnDomainUnload() - 1
22976: 19:21:32.972 - ~CManagedHost() - Waiting up to 10 seconds for CLR shutdown...
22976: 19:21:32.972 - ~CManagedHost
22976: 19:21:32.972 - Destroying ENet thread pool
22976: 19:21:32.972 - Destroying Business logic thread pool
22976: 19:21:32.972 - Destroying I/O thread pool
22976: 19:21:32.972 - Destroying ENet buffer allocator
22976: 19:21:32.972 - Destroying TCP buffer allocator
22976: 19:21:32.972 - Destroying TCP socket allocator
22976: 19:21:32.972 - Destroying ENet inbound socket allocator
22976: 19:21:32.972 - Destroying ENet outbound socket allocator
22976: 19:21:32.972 - Destroying shared datagram flow control data
22976: 19:21:32.972 - Shutdown complete...
22976: 19:21:32.972 - Service shutting down
22976: 19:21:32.973 - Service shut down complete
