25084: 10:23:52.806 - ---
25084: 10:23:52.806 - Service: "Photon Socket Server" starting
25084: 10:23:52.806 - Config File: C:\GitHub\KostsaProject\Photon Server v4\deploy\bin_Win64\PhotonServer.config
25084: 10:23:52.809 - Will produce at most: 10 crash dumps
25084: 10:23:52.809 - Service shutting down
25084: 10:23:52.810 - Service shut down complete
7864: 10:31:52.343 - ---
7864: 10:31:52.343 - Service: "Photon Socket Server" starting
7864: 10:31:52.343 - Config File: C:\GitHub\KostsaProject\Photon Server v4\deploy\bin_Win64\PhotonServer.config
7864: 10:31:52.345 - Will produce at most: 10 crash dumps
7864: 10:31:52.345 - Service shutting down
7864: 10:31:52.346 - Service shut down complete
3852: 10:49:00.155 - ---
3852: 10:49:00.155 - Service: "Photon Socket Server" starting
3852: 10:49:00.155 - Config File: C:\GitHub\KostsaProject\Photon Server v4\deploy\bin_Win64\PhotonServer.config
3852: 10:49:00.157 - Will produce at most: 10 crash dumps
3852: 10:49:00.157 - Service shutting down
3852: 10:49:00.160 - Service shut down complete
16776: 10:57:39.375 - ---
16776: 10:57:39.375 - Service: "Photon Socket Server" starting
16776: 10:57:39.375 - Config File: C:\GitHub\KostsaProject\Photon Server v4\deploy\bin_Win64\PhotonServer.config
16776: 10:57:39.377 - Will produce at most: 10 crash dumps
16776: 10:57:39.377 - Service shutting down
16776: 10:57:39.378 - Service shut down complete
25488: 10:58:03.555 - ---
25488: 10:58:03.555 - Service: "Photon Socket Server" starting
25488: 10:58:03.555 - Config File: C:\GitHub\KostsaProject\Photon Server v4\deploy\bin_Win64\PhotonServer.config
25488: 10:58:03.556 - Will produce at most: 10 crash dumps
25488: 10:58:03.556 - Service shutting down
25488: 10:58:03.558 - Service shut down complete
2140: 11:18:34.269 - ---
2140: 11:18:34.269 - Service: "Photon Socket Server" starting
2140: 11:18:34.269 - Config File: C:\GitHub\KostsaProject\Photon Server v4\deploy\bin_Win64\PhotonServer.config
2140: 11:18:34.271 - Will produce at most: 10 crash dumps
2140: 11:18:34.271 - Service shutting down
2140: 11:18:34.272 - Service shut down complete
25620: 12:55:27.164 - ---
25620: 12:55:27.164 - Service: "Photon Socket Server" starting
25620: 12:55:27.164 - Config File: C:\GitHub\KostsaProject\Photon Server v4\deploy\bin_Win64\PhotonServer.config
25620: 12:55:27.166 - Will produce at most: 10 crash dumps
25620: 12:55:27.166 - Service shutting down
25620: 12:55:27.167 - Service shut down complete
19200: 14:23:46.544 - ---
19200: 14:23:46.544 - Service: "Photon Socket Server" starting
19200: 14:23:46.544 - Config File: C:\GitHub\KostsaProject\Photon Server v4\deploy\bin_Win64\PhotonServer.config
19200: 14:23:46.546 - Will produce at most: 10 crash dumps
19200: 14:23:46.546 - Service shutting down
19200: 14:23:46.548 - Service shut down complete
26420: 14:40:00.096 - ---
26420: 14:40:00.096 - Service: "Photon Socket Server" starting
26420: 14:40:00.096 - Config File: C:\GitHub\KostsaProject\Photon Server v4\deploy\bin_Win64\PhotonServer.config
26420: 14:40:00.097 - Will produce at most: 10 crash dumps
26420: 14:40:00.097 - Service shutting down
26420: 14:40:00.099 - Service shut down complete
10348: 14:43:22.171 - ---
10348: 14:43:22.171 - Service: "Photon Socket Server" starting
10348: 14:43:22.171 - Config File: C:\GitHub\KostsaProject\Photon Server v4\deploy\bin_Win64\PhotonServer.config
10348: 14:43:22.173 - Will produce at most: 10 crash dumps
10348: 14:43:22.173 - Service shutting down
10348: 14:43:22.175 - Service shut down complete
12452: 17:46:08.154 - ---
12452: 17:46:08.154 - Service: "Photon Socket Server" starting
12452: 17:46:08.154 - Config File: C:\GitHub\KostsaProject\Photon Server v4\deploy\bin_Win64\PhotonServer.config
12452: 17:46:08.156 - Will produce at most: 10 crash dumps
12452: 17:46:08.156 - Service shutting down
12452: 17:46:08.158 - Service shut down complete
