2019-07-02 15:34:21,644 [ 1] INFO  PhotonHostRuntime.PhotonDomainManager - Initialize: ApplicationName = 'DefaultDomain', DomainID = '1'
2019-07-02 15:34:21,658 [ 1] INFO  PhotonHostRuntime.PhotonDomainManager - AppDomains with unhandled exceptions are usually not unloaded and restarted.
2019-07-02 15:34:21,663 [ 1] INFO  PhotonHostRuntime.PhotonDomainManager - Getting license information:
2019-07-02 15:34:21,933 [ 1] INFO  PhotonHostRuntime.PhotonLicensing - LICENSE: Type:Standard; Plan:Free; Expiration: never; floating license: yes; max connections: 100; valid IPs: any; status:Licensed
2019-07-02 15:34:23,149 [ 1] INFO  PhotonHostRuntime.PhotonDomainManager - CreateAppDomain: name = 'ChatServer' , assemblyName = 'ChatServer'
2019-07-02 15:34:23,154 [ 1] INFO  PhotonHostRuntime.PhotonDomainManager -   ApplicationBase = 'C:\Photon Server v4\deploy'
2019-07-02 15:34:23,157 [ 1] INFO  PhotonHostRuntime.PhotonDomainManager -   PrivateBinPath = 'C:\Photon Server v4\deploy\ChatServer\bin;bin_Win64;Shared;'
2019-07-02 15:34:23,161 [ 1] INFO  PhotonHostRuntime.PhotonDomainManager -   ConfigurationFile = ''
2019-07-02 15:34:23,164 [ 1] INFO  PhotonHostRuntime.PhotonDomainManager -   CachePath = ''
2019-07-02 15:34:23,194 [ 1] INFO  PhotonHostRuntime.PhotonDomainManager -   ApplicationPath = 'C:\Photon Server v4\deploy\ChatServer'
2019-07-02 15:34:23,197 [ 1] INFO  PhotonHostRuntime.PhotonDomainManager -   BinaryPath = 'C:\Photon Server v4\deploy\ChatServer\bin'
2019-07-02 15:34:23,200 [ 1] INFO  PhotonHostRuntime.PhotonDomainManager -   ApplicationRootPath = 'C:\Photon Server v4\deploy'
2019-07-02 15:34:23,203 [ 1] INFO  PhotonHostRuntime.PhotonDomainManager -   UnmanagedLogPath = 'C:\Photon Server v4\deploy\bin_Win64\log'
2019-07-02 15:34:23,209 [ 1] INFO  PhotonHostRuntime.PhotonDomainManager - AssemblyLoadEvent: ChatServer, Version=1.0.0.0, Culture=neutral, PublicKeyToken=null from file:///C:/Photon Server v4/deploy/ChatServer/bin/ChatServer.DLL
2019-07-02 15:34:23,213 [ 1] INFO  PhotonHostRuntime.PhotonDomainManager - Photon SDK:4.0.28.11245
2019-07-02 15:34:23,221 [ 1] INFO  PhotonHostRuntime.PhotonDomainManager - RequestStop: ApplicationName = 'DefaultDomain', DomainId='1'
2019-07-02 16:10:54,602 [ 1] INFO  PhotonHostRuntime.PhotonDomainManager - Initialize: ApplicationName = 'DefaultDomain', DomainID = '1'
2019-07-02 16:10:54,616 [ 1] INFO  PhotonHostRuntime.PhotonDomainManager - AppDomains with unhandled exceptions are usually not unloaded and restarted.
2019-07-02 16:10:54,620 [ 1] INFO  PhotonHostRuntime.PhotonDomainManager - Getting license information:
2019-07-02 16:10:54,889 [ 1] INFO  PhotonHostRuntime.PhotonLicensing - LICENSE: Type:Standard; Plan:Free; Expiration: never; floating license: yes; max connections: 100; valid IPs: any; status:Licensed
2019-07-02 16:10:56,109 [ 1] INFO  PhotonHostRuntime.PhotonDomainManager - CreateAppDomain: name = 'ChatServer' , assemblyName = 'ChatServer'
2019-07-02 16:10:56,113 [ 1] INFO  PhotonHostRuntime.PhotonDomainManager -   ApplicationBase = 'C:\Photon Server v4\deploy'
2019-07-02 16:10:56,116 [ 1] INFO  PhotonHostRuntime.PhotonDomainManager -   PrivateBinPath = 'C:\Photon Server v4\deploy\ChatServer\bin;bin_Win64;Shared;'
2019-07-02 16:10:56,119 [ 1] INFO  PhotonHostRuntime.PhotonDomainManager -   ConfigurationFile = ''
2019-07-02 16:10:56,122 [ 1] INFO  PhotonHostRuntime.PhotonDomainManager -   CachePath = ''
2019-07-02 16:10:56,152 [ 1] INFO  PhotonHostRuntime.PhotonDomainManager -   ApplicationPath = 'C:\Photon Server v4\deploy\ChatServer'
2019-07-02 16:10:56,156 [ 1] INFO  PhotonHostRuntime.PhotonDomainManager -   BinaryPath = 'C:\Photon Server v4\deploy\ChatServer\bin'
2019-07-02 16:10:56,159 [ 1] INFO  PhotonHostRuntime.PhotonDomainManager -   ApplicationRootPath = 'C:\Photon Server v4\deploy'
2019-07-02 16:10:56,162 [ 1] INFO  PhotonHostRuntime.PhotonDomainManager -   UnmanagedLogPath = 'C:\Photon Server v4\deploy\bin_Win64\log'
2019-07-02 16:10:56,168 [ 1] INFO  PhotonHostRuntime.PhotonDomainManager - AssemblyLoadEvent: ChatServer, Version=1.0.0.0, Culture=neutral, PublicKeyToken=null from file:///C:/Photon Server v4/deploy/ChatServer/bin/ChatServer.DLL
2019-07-02 16:10:56,172 [ 1] INFO  PhotonHostRuntime.PhotonDomainManager - Photon SDK:4.0.28.11245
2019-07-02 16:10:56,180 [ 1] INFO  PhotonHostRuntime.PhotonDomainManager - AssemblyLoadEvent: Photon.SocketServer, Version=4.0.28.11245, Culture=neutral, PublicKeyToken=48c2fa3b6988090e from file:///C:/Photon Server v4/deploy/ChatServer/bin/Photon.SocketServer.DLL
2019-07-02 16:10:56,185 [ 1] INFO  PhotonHostRuntime.PhotonDomainManager - AssemblyLoadEvent: ExitGamesLibs, Version=1.0.4.0, Culture=neutral, PublicKeyToken=eac0edd9746a4aa0 from file:///C:/Photon Server v4/deploy/ChatServer/bin/ExitGamesLibs.DLL
2019-07-02 16:10:56,192 [ 1] INFO  PhotonHostRuntime.PhotonDomainManager - Starting: name = 'ChatServer', assemblyName = 'ChatServer', typeName = 'ChatServer.ChatServer'
2019-07-02 16:10:56,200 [ 1] INFO  PhotonHostRuntime.PhotonDomainManager - PhotonRunning: ApplicationName = 'ChatServer', DomainId='2' -- calling Application.Setup
2019-07-02 16:10:56,210 [ 1] INFO  PhotonHostRuntime.PhotonDomainManager - PhotonRunning: ApplicationName = 'DefaultDomain', DomainId='1'
2019-07-02 16:11:16,766 [11] INFO  PhotonHostRuntime.PhotonDomainManager - AssemblyLoadEvent: netstandard, Version=2.0.0.0, Culture=neutral, PublicKeyToken=cc7b13ffcd2ddd51 from file:///C:/WINDOWS/Microsoft.Net/assembly/GAC_MSIL/netstandard/v4.0_2.0.0.0__cc7b13ffcd2ddd51/netstandard.dll
2019-07-02 16:15:12,508 [ 1] INFO  PhotonHostRuntime.PhotonDomainManager - RequestStop: ApplicationName = 'ChatServer', DomainId='2' -- calling Application.OnStopRequested()
2019-07-02 16:15:12,513 [ 1] INFO  PhotonHostRuntime.PhotonDomainManager - RequestStop: ApplicationName = 'DefaultDomain', DomainId='1'
2019-07-02 16:15:12,518 [ 1] INFO  PhotonHostRuntime.PhotonDomainManager - Stop: ApplicationName = 'ChatServer', DomainId='2' -- calling Application.TearDown()
