22500: 15:34:21.538 - ---
22500: 15:34:21.538 - Service: "Photon Socket Server" starting
22500: 15:34:21.538 - Config File: C:\Photon Server v4\deploy\bin_Win64\PhotonServer.config
22500: 15:34:21.540 - Will produce at most: 10 crash dumps
22500: 15:34:21.540 - Action: run as service
8268: 15:34:21.542 - Server Starting...
8268: 15:34:21.542 -    Tick count: 75805843 (wraps in: 48.8329 days)
8268: 15:34:21.542 - Tick count 64: 75805843
8268: 15:34:21.542 - Photon Version: 4.0.28.2962
8268: 15:34:21.542 - PID: 18828
8268: 15:34:21.542 - Current directory is: C:\WINDOWS\system32
8268: 15:34:21.542 - Changing current directory to: C:\Photon Server v4\deploy\bin_Win64
8268: 15:34:21.542 - Config File: C:\Photon Server v4\deploy\bin_Win64\PhotonServer.config
8268: 15:34:21.542 - Will NOT log unimportant exceptions
8268: 15:34:21.547 - Shutdown timeout enabled: 30000ms
8268: 15:34:21.547 - Starting I/O thread pool with 2 threads
8268: 15:34:21.547 - Using Standard allocator
8268: 15:34:21.547 - Max message size: 512000
8268: 15:34:21.547 - Starting business logic thread pool with the following settings
8268: 15:34:21.547 - InitialThreads: 4 threads
8268: 15:34:21.547 - MinThreads: 4 threads
8268: 15:34:21.547 - Thread pool is fixed size
8268: 15:34:21.547 - Starting ENet thread pool with the following settings
8268: 15:34:21.547 - InitialThreads: 2 threads
8268: 15:34:21.547 - MinThreads: 2 threads
8268: 15:34:21.547 - Thread pool is fixed size
8268: 15:34:21.547 - OnlyDispatchTimers: False
8268: 15:34:21.547 - S2S: flow control: Max pending writes: 50
8268: 15:34:21.547 - S2S: flow control: Max queued buffers: 200
8268: 15:34:21.547 - S2S: flow control: Max pending writes MUX: 500
8268: 15:34:21.547 - S2S: flow control: Max queued buffers MUX: 2000
8268: 15:34:21.547 - S2S: MaxInboundMessageSize: 512000
8268: 15:34:21.547 - S2S: MaxOutboundMessageSize: 512000
8268: 15:34:21.547 - S2S: No inactivity timeout
8268: 15:34:21.551 - WebSocket S2S: MaxInboundMessageSize: 512000
8268: 15:34:21.551 - WebSocket S2S: MaxOutboundMessageSize: 512000
8268: 15:34:21.551 - WebSocket S2S: No inactivity timeout
8268: 15:34:21.551 - Max Reliable Data In Transit (awaiting ACKs) per peer : 16384 bytes
8268: 15:34:21.551 - Per peer bandwidth limit
8268: 15:34:21.551 - Transmit Rate Limit: 256 KB/Sec
8268: 15:34:21.551 - Limit period: 200ms
8268: 15:34:21.551 - Limit per period: 52428 bytes
8268: 15:34:21.551 - Max queued data for transmission per peer: 163840 bytes
8268: 15:34:21.551 - Minimum retransmit timeout: 200
8268: 15:34:21.551 - No Maximum retransmit timeout
8268: 15:34:21.551 - Minimum ENet timeout: 5000ms
8268: 15:34:21.551 - Maximum ENet timeout: 30000ms
8268: 15:34:21.551 - Max Inbound Reliable Data Queued (awaiting resends of earlier sequence numbers) per peer : 163840 bytes
8268: 15:34:21.551 - No RTT ACK adjustment timeout
8268: 15:34:21.551 - Outbound ENet: MaxInboundMessageSize: 512000
8268: 15:34:21.551 - Outbound ENet: MaxOutboundMessageSize: 512000
8268: 15:34:21.552 - GetRuntime - About to load CLR - versions available:
8268: 15:34:21.552 - v2.0.50727
8268: 15:34:21.552 - v4.0.30319
8268: 15:34:21.552 - Configuration requests: "v2.0.50727"
8268: 15:34:21.552 - About to load version: "v2.0.50727"
8268: 15:34:21.554 - About to load runtime: PhotonHostRuntime.PhotonDomainManager from PhotonHostRuntime, Culture=neutral, PublicKeyToken=02C301B61B060C4D
8268: 15:34:21.554 - CLRBaseDirectory set to "C:\Photon Server v4\deploy"
8268: 15:34:21.554 - Optimising event broadcast for 20 or more peers
8268: 15:34:21.555 - Start: About to load CLR - versions available:
8268: 15:34:21.555 - v2.0.50727
8268: 15:34:21.555 - v4.0.30319
8268: 15:34:21.555 - No preference in configuration file, will load latest.
8268: 15:34:21.555 - About to load version: "v4.0.30319"
8268: 15:34:21.556 - Loaded version: "v4.0.30319"
8268: 15:34:21.661 - Photon host runtime loaded
8268: 15:34:23.143 - License is valid.
8268: 15:34:23.143 - Licensed for 100 concurrent connections.
8268: 15:34:23.144 - ENet: Max Reliable Data In Transit (awaiting ACKs) per peer : 16384 bytes
8268: 15:34:23.144 - ENet: Per peer bandwidth limit
8268: 15:34:23.144 - ENet: Transmit Rate Limit: 256 KB/Sec
8268: 15:34:23.144 - ENet: Limit period: 200ms
8268: 15:34:23.144 - ENet: Limit per period: 52428 bytes
8268: 15:34:23.144 - ENet: Max queued data for transmission per peer: 163840 bytes
8268: 15:34:23.144 - ENet: Minimum retransmit timeout: 200
8268: 15:34:23.144 - No Maximum retransmit timeout
8268: 15:34:23.144 - ENet: Minimum timeout: 5000ms
8268: 15:34:23.144 - ENet: Maximum timeout: 30000ms
8268: 15:34:23.144 - ENet: Max Inbound Reliable Data Queued (awaiting resends of earlier sequence numbers) per peer : 163840 bytes
8268: 15:34:23.144 - No RTT ACK adjustment timeout
8268: 15:34:23.144 - About to load application: ChatServer from ChatServer
8268: 15:34:23.205 - Taking reference on default app domain
8268: 15:34:23.219 - ChatServer:2 - Start() failed.
Exception:
System.TypeLoadException: Failed to create object "ChatServer" from assembly "ChatServer".
   위치: PhotonHostRuntime.PhotonDomainManager.PhotonPlainAppDomainBehavior.Start(String assemblyName, String typeName, String instanceName, String applicationName, IPhotonApplicationSink sink, ILogToUnmanagedLog logger, IControlListeners listenerControl)
   위치: PhotonHostRuntime.PhotonDomainManager.Start(String assemblyName, String typeName, String instanceName, String applicationName, IPhotonApplicationSink sink, ILogToUnmanagedLog logger, IControlListeners listenerControl)
8268: 15:34:23.220 - ChatServer:2 - Stop() failed.
Exception:
System.Exception: Stop: unable to call the Application.TearDown() - undefined photonControl.
   위치: PhotonHostRuntime.PhotonDomainManager.PhotonPlainAppDomainBehavior.Stop()
   위치: PhotonHostRuntime.PhotonDomainManager.Stop()
8268: 15:34:23.220 - ERROR: Failed to start application: "ChatServer" in app domain: 2
17020: 15:34:23.220 - CManagedHost::OnDefaultAction() - OPR_AppDomainUnload - eUnloadAppDomain
8268: 15:34:23.220 - CService::OnException() - Exception: CManagedHost::StartApplication() - Failed to start application in AppDomain: 2 - Failed to create object "ChatServer" from assembly "ChatServer".
8268: 15:34:23.220 - Server shutting down...
8268: 15:34:23.220 - Shutdown monitoring enabled, 30000ms before process abort
8268: 15:34:23.220 - Notifying CLR applications of shutdown...
8268: 15:34:23.220 - RequestStop: defalt app domain
8268: 15:34:23.224 - Shutting down WebSocket Outbound Connection Manager...
8268: 15:34:23.224 - Shutting down TCP Outbound Connection Manager...
8268: 15:34:23.224 - Shutting down ENet Outbound Connection Manager...
8268: 15:34:23.224 - Disconnecting all outbound peers...
8268: 15:34:23.224 - Shutting down ENet host...
8268: 15:34:23.224 - Disconnecting all peers...
8268: 15:34:23.224 - Shutting down socket servers...
8268: 15:34:23.225 - Shutting down ENet thread pool...
8268: 15:34:23.225 - Shutting down TCP inactivity timers...
13652: 15:34:23.225 - Unloading Domain: ApplicationName = 'ChatServer', DomainId='2'
17020: 15:34:23.225 - CManagedHost::OnDomainUnload() - 2
8268: 15:34:23.225 - Shutting down CLR applications...
8268: 15:34:23.225 - Shutting down business logic thread pool...
8268: 15:34:23.225 - Shutting down I/O thread pool...
8268: 15:34:23.225 - Destroying servers
8268: 15:34:23.225 - Destroying WebSocket Outbound Connection Manager
8268: 15:34:23.225 - Destroying TCP Outbound Connection Manager
8268: 15:34:23.225 - Destroying TCP inactivity timer
8268: 15:34:23.225 - Destroying ENet timer wheel
8268: 15:34:23.225 - Destroying ENet host
8268: 15:34:23.225 - Destroying ENet outbound host
8268: 15:34:23.225 - Destroying HTTP inactivity timer
8268: 15:34:23.225 - Destroying HTTP host
8268: 15:34:23.225 - Destroying HTTP Chunk host
8268: 15:34:23.225 - Flushing ENET buffer allocator...
8268: 15:34:23.225 - Flushing TCP buffer handle allocator...
8268: 15:34:23.225 - Flushing stream socket allocator...
8268: 15:34:23.225 - Flushing inbound datagram socket allocator...
8268: 15:34:23.225 - Flushing outbound datagram socket allocator...
8268: 15:34:23.225 - Destroying CLR dispatcher
8268: 15:34:23.225 - Destroying CLR applications
8268: 15:34:23.225 - ~CCLRApplicationCollection() - Waiting up to 10 seconds for the CLR to release all of our objects
8268: 15:34:23.226 - ~CCLRApplicationCollection() - Done. All objects released
8268: 15:34:23.226 - ~CManagedHost() - Release default app domain
8268: 15:34:23.226 - CManagedHost::OnDomainUnload() - 1
8268: 15:34:23.226 - ~CManagedHost() - Waiting up to 10 seconds for CLR shutdown...
8268: 15:34:23.226 - ~CManagedHost
8268: 15:34:23.226 - Destroying ENet thread pool
8268: 15:34:23.226 - Destroying Business logic thread pool
8268: 15:34:23.226 - Destroying I/O thread pool
8268: 15:34:23.226 - Destroying ENet buffer allocator
8268: 15:34:23.226 - Destroying TCP buffer allocator
8268: 15:34:23.226 - Destroying TCP socket allocator
8268: 15:34:23.226 - Destroying ENet inbound socket allocator
8268: 15:34:23.226 - Destroying ENet outbound socket allocator
8268: 15:34:23.226 - Destroying shared datagram flow control data
8268: 15:34:23.226 - Shutdown complete...
22500: 15:34:23.226 - MessageBox: Photon Socket Server: ChatServer - 4.0.28.2962Failed to start service
Error code: 108

Instance Name = "ChatServer"
22500: 15:34:23.226 - Service shutting down: failed to start application. Errorcode: 108
22500: 15:34:23.227 - Service shut down complete
21096: 16:10:54.490 - ---
21096: 16:10:54.490 - Service: "Photon Socket Server" starting
21096: 16:10:54.490 - Config File: C:\Photon Server v4\deploy\bin_Win64\PhotonServer.config
21096: 16:10:54.491 - Will produce at most: 10 crash dumps
21096: 16:10:54.491 - Action: run as service
14892: 16:10:54.492 - Server Starting...
14892: 16:10:54.492 -    Tick count: 77998796 (wraps in: 48.8075 days)
14892: 16:10:54.492 - Tick count 64: 77998796
14892: 16:10:54.492 - Photon Version: 4.0.28.2962
14892: 16:10:54.492 - PID: 22512
14892: 16:10:54.492 - Current directory is: C:\WINDOWS\system32
14892: 16:10:54.492 - Changing current directory to: C:\Photon Server v4\deploy\bin_Win64
14892: 16:10:54.492 - Config File: C:\Photon Server v4\deploy\bin_Win64\PhotonServer.config
14892: 16:10:54.493 - Will NOT log unimportant exceptions
14892: 16:10:54.497 - Shutdown timeout enabled: 30000ms
14892: 16:10:54.497 - Starting I/O thread pool with 2 threads
14892: 16:10:54.498 - Using Standard allocator
14892: 16:10:54.498 - Max message size: 512000
14892: 16:10:54.498 - Starting business logic thread pool with the following settings
14892: 16:10:54.498 - InitialThreads: 4 threads
14892: 16:10:54.498 - MinThreads: 4 threads
14892: 16:10:54.498 - Thread pool is fixed size
14892: 16:10:54.498 - Starting ENet thread pool with the following settings
14892: 16:10:54.498 - InitialThreads: 2 threads
14892: 16:10:54.498 - MinThreads: 2 threads
14892: 16:10:54.498 - Thread pool is fixed size
14892: 16:10:54.498 - OnlyDispatchTimers: False
14892: 16:10:54.498 - S2S: flow control: Max pending writes: 50
14892: 16:10:54.498 - S2S: flow control: Max queued buffers: 200
14892: 16:10:54.498 - S2S: flow control: Max pending writes MUX: 500
14892: 16:10:54.498 - S2S: flow control: Max queued buffers MUX: 2000
14892: 16:10:54.498 - S2S: MaxInboundMessageSize: 512000
14892: 16:10:54.498 - S2S: MaxOutboundMessageSize: 512000
14892: 16:10:54.498 - S2S: No inactivity timeout
14892: 16:10:54.501 - WebSocket S2S: MaxInboundMessageSize: 512000
14892: 16:10:54.501 - WebSocket S2S: MaxOutboundMessageSize: 512000
14892: 16:10:54.501 - WebSocket S2S: No inactivity timeout
14892: 16:10:54.501 - Max Reliable Data In Transit (awaiting ACKs) per peer : 16384 bytes
14892: 16:10:54.502 - Per peer bandwidth limit
14892: 16:10:54.502 - Transmit Rate Limit: 256 KB/Sec
14892: 16:10:54.502 - Limit period: 200ms
14892: 16:10:54.502 - Limit per period: 52428 bytes
14892: 16:10:54.502 - Max queued data for transmission per peer: 163840 bytes
14892: 16:10:54.502 - Minimum retransmit timeout: 200
14892: 16:10:54.502 - No Maximum retransmit timeout
14892: 16:10:54.502 - Minimum ENet timeout: 5000ms
14892: 16:10:54.502 - Maximum ENet timeout: 30000ms
14892: 16:10:54.502 - Max Inbound Reliable Data Queued (awaiting resends of earlier sequence numbers) per peer : 163840 bytes
14892: 16:10:54.502 - No RTT ACK adjustment timeout
14892: 16:10:54.502 - Outbound ENet: MaxInboundMessageSize: 512000
14892: 16:10:54.502 - Outbound ENet: MaxOutboundMessageSize: 512000
14892: 16:10:54.503 - GetRuntime - About to load CLR - versions available:
14892: 16:10:54.503 - v2.0.50727
14892: 16:10:54.503 - v4.0.30319
14892: 16:10:54.503 - Configuration requests: "v2.0.50727"
14892: 16:10:54.503 - About to load version: "v2.0.50727"
14892: 16:10:54.505 - About to load runtime: PhotonHostRuntime.PhotonDomainManager from PhotonHostRuntime, Culture=neutral, PublicKeyToken=02C301B61B060C4D
14892: 16:10:54.505 - CLRBaseDirectory set to "C:\Photon Server v4\deploy"
14892: 16:10:54.505 - Optimising event broadcast for 20 or more peers
14892: 16:10:54.506 - Start: About to load CLR - versions available:
14892: 16:10:54.506 - v2.0.50727
14892: 16:10:54.506 - v4.0.30319
14892: 16:10:54.506 - No preference in configuration file, will load latest.
14892: 16:10:54.506 - About to load version: "v4.0.30319"
14892: 16:10:54.507 - Loaded version: "v4.0.30319"
14892: 16:10:54.619 - Photon host runtime loaded
14892: 16:10:56.104 - License is valid.
14892: 16:10:56.104 - Licensed for 100 concurrent connections.
14892: 16:10:56.104 - ENet: Max Reliable Data In Transit (awaiting ACKs) per peer : 16384 bytes
14892: 16:10:56.104 - ENet: Per peer bandwidth limit
14892: 16:10:56.104 - ENet: Transmit Rate Limit: 256 KB/Sec
14892: 16:10:56.104 - ENet: Limit period: 200ms
14892: 16:10:56.104 - ENet: Limit per period: 52428 bytes
14892: 16:10:56.104 - ENet: Max queued data for transmission per peer: 163840 bytes
14892: 16:10:56.104 - ENet: Minimum retransmit timeout: 200
14892: 16:10:56.104 - No Maximum retransmit timeout
14892: 16:10:56.104 - ENet: Minimum timeout: 5000ms
14892: 16:10:56.104 - ENet: Maximum timeout: 30000ms
14892: 16:10:56.104 - ENet: Max Inbound Reliable Data Queued (awaiting resends of earlier sequence numbers) per peer : 163840 bytes
14892: 16:10:56.104 - No RTT ACK adjustment timeout
14892: 16:10:56.104 - About to load application: ChatServer from ChatServer
14892: 16:10:56.165 - Taking reference on default app domain
14892: 16:10:56.196 - Application: "ChatServer" started in app domain: 2
14892: 16:10:56.197 - Adding TCP listener on: 0.0.0.0: 2749 with a listen backlog of: 150
14892: 16:10:56.197 - TCP inactivity timeout: 5000ms
14892: 16:10:56.197 - TCP disconnect timeout: 120000ms
14892: 16:10:56.197 - MaxInboundMessageSize: 512000
14892: 16:10:56.197 - MaxOutboundMessageSize: 512000
14892: 16:10:56.197 - Forcing all applications ids to: "ChatServer"
14892: 16:10:56.199 - Service is running...
14892: 16:15:12.507 - Service is stopped...
14892: 16:15:12.507 - Server shutting down...
14892: 16:15:12.507 - Shutdown monitoring enabled, 30000ms before process abort
14892: 16:15:12.507 - Notifying CLR applications of shutdown...
14892: 16:15:12.507 - RequestApplicationStop: 2
14892: 16:15:12.513 - RequestStop: defalt app domain
14892: 16:15:12.517 - Shutting down WebSocket Outbound Connection Manager...
14892: 16:15:12.517 - Shutting down TCP Outbound Connection Manager...
14892: 16:15:12.517 - Shutting down ENet Outbound Connection Manager...
14892: 16:15:12.517 - Disconnecting all outbound peers...
14892: 16:15:12.517 - Shutting down ENet host...
14892: 16:15:12.517 - Disconnecting all peers...
14892: 16:15:12.517 - Shutting down socket servers...
14892: 16:15:12.517 - Shutting down ENet thread pool...
14892: 16:15:12.517 - Shutting down TCP inactivity timers...
14892: 16:15:12.518 - WaitingForShutdownToComplete: TCP:0.0.0.0:2749
14892: 16:15:12.518 - OnShutdownCompleted: TCP:0.0.0.0:2749
14892: 16:15:12.518 - Shutting down CLR applications...
14892: 16:15:12.522 - Shutting down business logic thread pool...
612: 16:15:12.522 - CManagedHost::OnDefaultAction() - OPR_AppDomainUnload - eUnloadAppDomain
14892: 16:15:12.522 - Shutting down I/O thread pool...
14892: 16:15:12.523 - Destroying servers
14892: 16:15:12.523 - Destroying WebSocket Outbound Connection Manager
14892: 16:15:12.523 - Destroying TCP Outbound Connection Manager
14892: 16:15:12.523 - Destroying TCP inactivity timer
14892: 16:15:12.523 - Destroying ENet timer wheel
14892: 16:15:12.523 - Destroying ENet host
14892: 16:15:12.523 - Destroying ENet outbound host
14892: 16:15:12.523 - Destroying HTTP inactivity timer
14892: 16:15:12.523 - Destroying HTTP host
14892: 16:15:12.523 - Destroying HTTP Chunk host
14892: 16:15:12.523 - Flushing ENET buffer allocator...
14892: 16:15:12.523 - Flushing TCP buffer handle allocator...
14892: 16:15:12.523 - Flushing stream socket allocator...
14892: 16:15:12.523 - Flushing inbound datagram socket allocator...
14892: 16:15:12.523 - Flushing outbound datagram socket allocator...
14892: 16:15:12.523 - Destroying CLR dispatcher
14892: 16:15:12.523 - Destroying CLR applications
14892: 16:15:12.523 - ~CCLRApplicationCollection() - Waiting up to 10 seconds for the CLR to release all of our objects
6168: 16:15:12.527 - Unloading Domain: ApplicationName = 'ChatServer', DomainId='2'
612: 16:15:12.528 - CManagedHost::OnDomainUnload() - 2
14892: 16:15:12.529 - ~CCLRApplicationCollection() - Done. All objects released
14892: 16:15:12.529 - ~CManagedHost() - Release default app domain
14892: 16:15:12.529 - CManagedHost::OnDomainUnload() - 1
14892: 16:15:12.529 - ~CManagedHost() - Waiting up to 10 seconds for CLR shutdown...
14892: 16:15:12.529 - ~CManagedHost
14892: 16:15:12.529 - Destroying ENet thread pool
14892: 16:15:12.529 - Destroying Business logic thread pool
14892: 16:15:12.529 - Destroying I/O thread pool
14892: 16:15:12.529 - Destroying ENet buffer allocator
14892: 16:15:12.529 - Destroying TCP buffer allocator
14892: 16:15:12.529 - Destroying TCP socket allocator
14892: 16:15:12.529 - Destroying ENet inbound socket allocator
14892: 16:15:12.529 - Destroying ENet outbound socket allocator
14892: 16:15:12.529 - Destroying shared datagram flow control data
14892: 16:15:12.529 - Shutdown complete...
21096: 16:15:12.530 - Service shutting down
21096: 16:15:12.530 - Service shut down complete
9640: 16:15:17.109 - ---
9640: 16:15:17.109 - Service: "Photon Socket Server" starting
9640: 16:15:17.109 - Config File: C:\Photon Server v4\deploy\bin_Win64\PhotonServer.config
9640: 16:15:17.111 - Will produce at most: 10 crash dumps
9640: 16:15:17.111 - Action: remove service
9640: 16:15:17.111 - Service: "Photon Socket Server: ChatServer" removed
9640: 16:15:17.111 - MessageBox: Photon Socket Server: ChatServer - 4.0.28.2962

Service removed

Instance Name = "ChatServer"
9640: 16:15:18.122 - Service shutting down
9640: 16:15:18.124 - Service shut down complete
