2019-07-02 12:08:22,091 [1] INFO  Photon.LoadBalancing.MasterServer.MasterApplication - TokenCreator intialized with an expiration of 02:46:40
2019-07-02 12:08:22,683 [1] INFO  Photon.SocketServer.Diagnostics.HttpQueuePerformanceCounters - HTTP Queue performance counters successfully initialized
2019-07-02 12:08:22,687 [1] INFO  Photon.SocketServer.Diagnostics.HttpQueuePerformanceCounters - Internal HTTP Queue performance counters successfully created
2019-07-02 12:08:22,692 [1] INFO  Photon.Common.Authentication.Diagnostic.CustomAuthResultCounters - Start to initialize Photon: Custom Authentication Results performance counters
2019-07-02 12:08:23,818 [1] INFO  Photon.SocketServer.Diagnostics.PerfCounterManagerBase - PerformanceCounter category 'Photon: Custom Authentication Results' does not exists and will be created
2019-07-02 12:08:23,975 [1] INFO  Photon.Common.Authentication.Diagnostic.CustomAuthResultCounters - Photon: Custom Authentication Results performance counters successfully initialized
2019-07-02 12:08:23,990 [1] WARN  Photon.Common.LoadBalancer.LoadBalancer`1 - Could not initialize LoadBalancer from configuration: Invalid configuration file C:\Photon Server v4\deploy\LoadBalancer.config. Using default settings... ('C:\Photon Server v4\deploy\LoadBalancer.config' 파일을 찾을 수 없습니다.)
2019-07-02 12:08:24,041 [1] INFO  Photon.LoadBalancing.MasterServer.GameApplication - TokenCreator intialized with an expiration of 02:46:40
2019-07-02 12:08:24,112 [1] INFO  Photon.LoadBalancing.MasterServer.GameApplication - Application {Default}/{Default} starts without Redis
2019-07-02 12:08:24,138 [1] INFO  Photon.LoadBalancing.Common.NodesReader - Import nodes
2019-07-02 12:08:24,144 [1] WARN  Photon.LoadBalancing.Common.NodesReader - C:\Photon Server v4\deploy\Nodes.txt does not exist, CurrentNodeId = 0
2019-07-02 12:08:24,148 [1] INFO  Photon.LoadBalancing.Common.NodesReader - Watching C:\Photon Server v4\deploy\Nodes.txt
2019-07-02 12:08:24,152 [1] INFO  Photon.LoadBalancing.MasterServer.MasterApplication - Current Node (nodeId=0) is the active master (leader)
2019-07-02 12:08:24,156 [1] INFO  Photon.SocketServer.ApplicationBase - Application start: AppId=Master; AppPath=C:\Photon Server v4\deploy\LoadBalancing\Master, Type=Photon.LoadBalancing.MasterServer.MasterApplication 
2019-07-02 12:08:24,176 [1] INFO  Photon.SocketServer.Diagnostics.CounterPublisher - CounterPublisher started publishing ExitGames.Diagnostics.Monitoring.CounterSamplePublisher to ExitGames.Diagnostics.Monitoring.CounterSampleSender
2019-07-02 12:08:24,200 [10] INFO  Photon.LoadBalancing.MasterServer.GameServer.IncomingGameServerPeer - game server connection from 127.0.0.1:51645 established (id=2)
2019-07-02 12:08:24,281 [10] WARN  Photon.LoadBalancing.Common.NodesReader - Internal address for node 0 unknown; using loop back
2019-07-02 12:08:24,287 [10] INFO  Photon.LoadBalancing.Common.NodesReader - Node added: 0 = 127.0.0.1
2019-07-02 12:09:04,731 [10] INFO  Photon.LoadBalancing.MasterServer.GameServer.IncomingGameServerPeer - OnDisconnect: game server connection closed (connectionId=2, serverId=b18d3fb0-f1e5-40d1-bb65-7b4b64680c9a, reason=ClientDisconnect)
2019-07-02 12:09:04,751 [11] INFO  Photon.LoadBalancing.MasterServer.GameServer.IncomingGameServerPeer - game server connection from 127.0.0.1:51648 established (id=3)
2019-07-02 14:03:04,681 [23] INFO  Photon.LoadBalancing.MasterServer.GameServer.IncomingGameServerPeer - OnDisconnect: game server connection closed (connectionId=3, serverId=94a428a2-12bf-4adb-bc3e-a55fae7536c0, reason=ClientDisconnect)
2019-07-02 14:03:04,694 [1] INFO  Photon.SocketServer.ApplicationBase - Application is stopping: AppId=Master
2019-07-02 14:03:04,728 [1] INFO  Photon.SocketServer.ApplicationBase - Application stop: AppId=Master
